\BOOKMARK [1][-]{section.1}{\376\377\000I\000n\000t\000r\000o\000d\000u\000c\000t\000i\000o\000n}{}% 1
\BOOKMARK [1][-]{section.2}{\376\377\000D\000e\000s\000i\000g\000n}{}% 2
\BOOKMARK [2][-]{subsection.2.1}{\376\377\000A\000r\000c\000h\000i\000t\000e\000c\000t\000u\000r\000e\000\040\000a\000n\000d\000\040\000W\000o\000r\000k\000f\000l\000o\000w}{section.2}% 3
\BOOKMARK [2][-]{subsection.2.2}{\376\377\000S\000u\000p\000p\000o\000r\000t\000e\000d\000\040\000A\000r\000c\000h\000i\000t\000e\000c\000t\000u\000r\000e\000s}{section.2}% 4
\BOOKMARK [2][-]{subsection.2.3}{\376\377\000P\000e\000r\000-\000T\000h\000r\000e\000a\000d\000\040\000F\000e\000n\000c\000e\000\040\000R\000e\000c\000o\000m\000m\000e\000n\000d\000a\000t\000i\000o\000n}{section.2}% 5
\BOOKMARK [2][-]{subsection.2.4}{\376\377\000C\000u\000s\000t\000o\000m\000\040\000M\000e\000m\000o\000r\000y\000\040\000M\000o\000d\000e\000l\000\040\000D\000S\000L}{section.2}% 6
\BOOKMARK [1][-]{section.3}{\376\377\000R\000e\000s\000u\000l\000t\000s}{}% 7
\BOOKMARK [2][-]{subsection.3.1}{\376\377\000Z\0003\000\040\000C\000e\000r\000t\000i\000f\000i\000c\000a\000t\000e\000\040\000C\000o\000v\000e\000r\000a\000g\000e}{section.3}% 8
\BOOKMARK [2][-]{subsection.3.2}{\376\377\000S\000e\000v\000e\000r\000i\000t\000y\000\040\000C\000l\000a\000s\000s\000i\000f\000i\000c\000a\000t\000i\000o\000n}{section.3}% 9
\BOOKMARK [2][-]{subsection.3.3}{\376\377\000S\000M\000T\000\040\000F\000e\000n\000c\000e\000\040\000P\000r\000o\000o\000f\000s}{section.3}% 10
\BOOKMARK [2][-]{subsection.3.4}{\376\377\000A\000S\000T\000-\000B\000a\000s\000e\000d\000\040\000C\000o\000d\000e\000\040\000A\000n\000a\000l\000y\000s\000i\000s}{section.3}% 11
\BOOKMARK [2][-]{subsection.3.5}{\376\377\000G\000P\000U\000\040\000S\000c\000o\000p\000e\000\040\000M\000i\000s\000m\000a\000t\000c\000h\000\040\000D\000e\000t\000e\000c\000t\000i\000o\000n}{section.3}% 12
\BOOKMARK [2][-]{subsection.3.6}{\376\377\000V\000a\000l\000i\000d\000a\000t\000i\000o\000n}{section.3}% 13
\BOOKMARK [2][-]{subsection.3.7}{\376\377\000D\000S\000L\000-\000t\000o\000-\000.\000c\000a\000t\000\040\000C\000o\000r\000r\000e\000s\000p\000o\000n\000d\000e\000n\000c\000e}{section.3}% 14
\BOOKMARK [2][-]{subsection.3.8}{\376\377\000S\000M\000T\000-\000B\000a\000s\000e\000d\000\040\000L\000i\000t\000m\000u\000s\000\040\000T\000e\000s\000t\000\040\000S\000y\000n\000t\000h\000e\000s\000i\000s}{section.3}% 15
\BOOKMARK [2][-]{subsection.3.9}{\376\377\000C\000L\000I\000\040\000I\000n\000t\000e\000r\000f\000a\000c\000e}{section.3}% 16
\BOOKMARK [1][-]{section.4}{\376\377\000R\000e\000l\000a\000t\000e\000d\000\040\000W\000o\000r\000k}{}% 17
\BOOKMARK [1][-]{section.5}{\376\377\000D\000i\000s\000c\000u\000s\000s\000i\000o\000n}{}% 18
\BOOKMARK [1][-]{section.6}{\376\377\000C\000o\000n\000c\000l\000u\000s\000i\000o\000n}{}% 19
\BOOKMARK [1][-]{appendix.A}{\376\377\000F\000o\000r\000m\000a\000l\000\040\000F\000o\000u\000n\000d\000a\000t\000i\000o\000n\000s}{}% 20
\BOOKMARK [1][-]{appendix.B}{\376\377\000P\000r\000o\000o\000f\000s}{}% 21
\BOOKMARK [1][-]{appendix.C}{\376\377\000A\000l\000g\000o\000r\000i\000t\000h\000m\000\040\000D\000e\000t\000a\000i\000l\000s}{}% 22
\BOOKMARK [1][-]{appendix.D}{\376\377\000S\000M\000T\000\040\000E\000n\000c\000o\000d\000i\000n\000g\000\040\000D\000e\000t\000a\000i\000l\000s\000\040\000a\000n\000d\000\040\000S\000M\000T\000-\000L\000I\000B\000\040\000S\000p\000e\000c\000i\000f\000i\000c\000a\000t\000i\000o\000n}{}% 23
\BOOKMARK [1][-]{appendix.E}{\376\377\000C\000o\000m\000p\000r\000e\000h\000e\000n\000s\000i\000v\000e\000\040\000F\000e\000n\000c\000e\000\040\000P\000r\000o\000o\000f\000\040\000C\000a\000t\000a\000l\000o\000g}{}% 24
\BOOKMARK [1][-]{appendix.F}{\376\377\000F\000e\000n\000c\000e\000\040\000C\000o\000s\000t\000\040\000A\000n\000a\000l\000y\000s\000i\000s}{}% 25
\BOOKMARK [1][-]{appendix.G}{\376\377\000F\000u\000l\000l\000\040\000P\000o\000r\000t\000a\000b\000i\000l\000i\000t\000y\000\040\000M\000a\000t\000r\000i\000x}{}% 26
\BOOKMARK [1][-]{appendix.H}{\376\377\000G\000P\000U\000\040\000S\000c\000o\000p\000e\000\040\000M\000i\000s\000m\000a\000t\000c\000h\000\040\000D\000e\000t\000a\000i\000l\000s}{}% 27
\BOOKMARK [1][-]{appendix.I}{\376\377\000C\000u\000s\000t\000o\000m\000\040\000M\000o\000d\000e\000l\000\040\000a\000n\000d\000\040\000B\000o\000u\000n\000d\000a\000r\000y\000\040\000A\000n\000a\000l\000y\000s\000i\000s}{}% 28
\BOOKMARK [1][-]{appendix.J}{\376\377\000C\000o\000m\000p\000o\000s\000i\000t\000i\000o\000n\000a\000l\000\040\000R\000e\000a\000s\000o\000n\000i\000n\000g}{}% 29
\BOOKMARK [1][-]{appendix.K}{\376\377\000D\000S\000L\000-\000t\000o\000-\000.\000c\000a\000t\000\040\000C\000o\000r\000r\000e\000s\000p\000o\000n\000d\000e\000n\000c\000e}{}% 30
\BOOKMARK [1][-]{appendix.L}{\376\377\000F\000a\000l\000s\000e\000-\000N\000e\000g\000a\000t\000i\000v\000e\000\040\000A\000n\000a\000l\000y\000s\000i\000s\000\040\000D\000e\000t\000a\000i\000l\000s}{}% 31
\BOOKMARK [1][-]{appendix.M}{\376\377\000S\000t\000a\000t\000i\000s\000t\000i\000c\000a\000l\000\040\000P\000o\000w\000e\000r\000\040\000A\000n\000a\000l\000y\000s\000i\000s}{}% 32
\BOOKMARK [1][-]{appendix.N}{\376\377\000S\000e\000v\000e\000r\000i\000t\000y\000\040\000C\000l\000a\000s\000s\000i\000f\000i\000c\000a\000t\000i\000o\000n\000\040\000D\000e\000t\000a\000i\000l\000s}{}% 33
\BOOKMARK [1][-]{appendix.O}{\376\377\000U\000n\000i\000v\000e\000r\000s\000a\000l\000\040\000Z\0003\000\040\000C\000e\000r\000t\000i\000f\000i\000c\000a\000t\000e\000\040\000D\000e\000t\000a\000i\000l\000s}{}% 34
\BOOKMARK [1][-]{appendix.P}{\376\377\000R\000e\000p\000r\000o\000d\000u\000c\000i\000b\000i\000l\000i\000t\000y}{}% 35
\BOOKMARK [1][-]{appendix.Q}{\376\377\000D\000e\000t\000a\000i\000l\000e\000d\000\040\000E\000x\000p\000e\000r\000i\000m\000e\000n\000t\000\040\000M\000e\000t\000h\000o\000d\000o\000l\000o\000g\000y}{}% 36
\BOOKMARK [2][-]{subsection.Q.1}{\376\377\000Z\0003\000\040\000C\000e\000r\000t\000i\000f\000i\000c\000a\000t\000e\000\040\000G\000e\000n\000e\000r\000a\000t\000i\000o\000n\000\040\000\050\000S\000e\000c\000t\000i\000o\000n\000\040\0003\000.\0001\000\051}{appendix.Q}% 37
\BOOKMARK [2][-]{subsection.Q.2}{\376\377\000h\000e\000r\000d\0007\000\040\000V\000a\000l\000i\000d\000a\000t\000i\000o\000n\000\040\000\050\000S\000e\000c\000t\000i\000o\000n\000\040\0003\000.\0006\000\051}{appendix.Q}% 38
\BOOKMARK [2][-]{subsection.Q.3}{\376\377\000A\000S\000T\000\040\000B\000e\000n\000c\000h\000m\000a\000r\000k\000\040\000\050\000S\000e\000c\000t\000i\000o\000n\000\040\0003\000.\0004\000\051}{appendix.Q}% 39
\BOOKMARK [2][-]{subsection.Q.4}{\376\377\000D\000S\000L\000-\000t\000o\000-\000.\000c\000a\000t\000\040\000C\000o\000r\000r\000e\000s\000p\000o\000n\000d\000e\000n\000c\000e\000\040\000\050\000S\000e\000c\000t\000i\000o\000n\000\040\0003\000.\0007\000\051}{appendix.Q}% 40
\BOOKMARK [2][-]{subsection.Q.5}{\376\377\000S\000e\000v\000e\000r\000i\000t\000y\000\040\000C\000l\000a\000s\000s\000i\000f\000i\000c\000a\000t\000i\000o\000n\000\040\000\050\000S\000e\000c\000t\000i\000o\000n\000\040\0003\000.\0002\000\051}{appendix.Q}% 41
\BOOKMARK [2][-]{subsection.Q.6}{\376\377\000C\000o\000m\000p\000o\000s\000i\000t\000i\000o\000n\000a\000l\000\040\000A\000n\000a\000l\000y\000s\000i\000s\000\040\000\050\000S\000e\000c\000t\000i\000o\000n\000\040\0005\000\051}{appendix.Q}% 42
\BOOKMARK [2][-]{subsection.Q.7}{\376\377\000S\000M\000T\000\040\000S\000y\000n\000t\000h\000e\000s\000i\000s\000\040\000\050\000S\000e\000c\000t\000i\000o\000n\000\040\0003\000.\0008\000\051}{appendix.Q}% 43
\BOOKMARK [1][-]{appendix.R}{\376\377\000S\000c\000a\000l\000i\000n\000g\000\040\000A\000n\000a\000l\000y\000s\000i\000s}{}% 44
\BOOKMARK [1][-]{appendix.S}{\376\377\000C\000r\000i\000t\000i\000q\000u\000e\000\040\000R\000e\000s\000p\000o\000n\000s\000e\000\040\000M\000a\000t\000r\000i\000x}{}% 45
