\BOOKMARK [1][-]{section.1}{\376\377\000I\000n\000t\000r\000o\000d\000u\000c\000t\000i\000o\000n}{}% 1
\BOOKMARK [1][-]{section.2}{\376\377\000B\000a\000c\000k\000g\000r\000o\000u\000n\000d}{}% 2
\BOOKMARK [2][-]{subsection.2.1}{\376\377\000A\000x\000i\000o\000m\000a\000t\000i\000c\000\040\000M\000e\000m\000o\000r\000y\000\040\000M\000o\000d\000e\000l\000s}{section.2}% 3
\BOOKMARK [2][-]{subsection.2.2}{\376\377\000S\000u\000p\000p\000o\000r\000t\000e\000d\000\040\000A\000r\000c\000h\000i\000t\000e\000c\000t\000u\000r\000e\000\040\000M\000o\000d\000e\000l\000s}{section.2}% 4
\BOOKMARK [1][-]{section.3}{\376\377\000T\000o\000o\000l\000\040\000D\000e\000s\000i\000g\000n}{}% 5
\BOOKMARK [2][-]{subsection.3.1}{\376\377\000A\000r\000c\000h\000i\000t\000e\000c\000t\000u\000r\000e}{section.3}% 6
\BOOKMARK [2][-]{subsection.3.2}{\376\377\000L\000i\000t\000m\000u\000s\000\040\000T\000e\000s\000t\000\040\000R\000e\000p\000r\000e\000s\000e\000n\000t\000a\000t\000i\000o\000n}{section.3}% 7
\BOOKMARK [2][-]{subsection.3.3}{\376\377\000P\000o\000r\000t\000a\000b\000i\000l\000i\000t\000y\000\040\000C\000h\000e\000c\000k\000i\000n\000g\000\040\000A\000l\000g\000o\000r\000i\000t\000h\000m}{section.3}% 8
\BOOKMARK [2][-]{subsection.3.4}{\376\377\000S\000y\000m\000m\000e\000t\000r\000y\000-\000B\000a\000s\000e\000d\000\040\000C\000o\000m\000p\000r\000e\000s\000s\000i\000o\000n}{section.3}% 9
\BOOKMARK [2][-]{subsection.3.5}{\376\377\000P\000e\000r\000-\000T\000h\000r\000e\000a\000d\000\040\000F\000e\000n\000c\000e\000\040\000R\000e\000c\000o\000m\000m\000e\000n\000d\000a\000t\000i\000o\000n}{section.3}% 10
\BOOKMARK [1][-]{section.4}{\376\377\000E\000x\000p\000e\000r\000i\000m\000e\000n\000t\000a\000l\000\040\000E\000v\000a\000l\000u\000a\000t\000i\000o\000n}{}% 11
\BOOKMARK [2][-]{subsection.4.1}{\376\377\000F\000u\000l\000l\000\040\000P\000o\000r\000t\000a\000b\000i\000l\000i\000t\000y\000\040\000A\000n\000a\000l\000y\000s\000i\000s}{section.4}% 12
\BOOKMARK [2][-]{subsection.4.2}{\376\377\000G\000P\000U\000\040\000S\000c\000o\000p\000e\000\040\000M\000i\000s\000m\000a\000t\000c\000h\000\040\000D\000e\000t\000e\000c\000t\000i\000o\000n}{section.4}% 13
\BOOKMARK [2][-]{subsection.4.3}{\376\377\000P\000e\000r\000-\000T\000h\000r\000e\000a\000d\000\040\000F\000e\000n\000c\000e\000\040\000C\000o\000s\000t\000\040\000A\000n\000a\000l\000y\000s\000i\000s}{section.4}% 14
\BOOKMARK [2][-]{subsection.4.4}{\376\377\000M\000o\000d\000e\000l\000\040\000B\000o\000u\000n\000d\000a\000r\000y\000\040\000A\000n\000a\000l\000y\000s\000i\000s}{section.4}% 15
\BOOKMARK [2][-]{subsection.4.5}{\376\377\000V\000a\000l\000i\000d\000a\000t\000i\000o\000n}{section.4}% 16
\BOOKMARK [2][-]{subsection.4.6}{\376\377\000C\000a\000s\000e\000\040\000S\000t\000u\000d\000i\000e\000s}{section.4}% 17
\BOOKMARK [1][-]{section.5}{\376\377\000C\000o\000m\000p\000a\000r\000i\000s\000o\000n\000\040\000w\000i\000t\000h\000\040\000E\000x\000i\000s\000t\000i\000n\000g\000\040\000T\000o\000o\000l\000s}{}% 18
\BOOKMARK [1][-]{section.6}{\376\377\000D\000i\000s\000c\000u\000s\000s\000i\000o\000n}{}% 19
\BOOKMARK [1][-]{section.7}{\376\377\000C\000o\000n\000c\000l\000u\000s\000i\000o\000n}{}% 20
\BOOKMARK [1][-]{appendix.A}{\376\377\000F\000u\000l\000l\000\040\000P\000o\000r\000t\000a\000b\000i\000l\000i\000t\000y\000\040\000M\000a\000t\000r\000i\000x}{}% 21
\BOOKMARK [1][-]{appendix.B}{\376\377\000S\000y\000m\000m\000e\000t\000r\000y\000\040\000A\000n\000a\000l\000y\000s\000i\000s}{}% 22
\BOOKMARK [1][-]{appendix.C}{\376\377\000D\000e\000p\000e\000n\000d\000e\000n\000c\000y\000\040\000A\000n\000a\000l\000y\000s\000i\000s}{}% 23
\BOOKMARK [1][-]{appendix.D}{\376\377\000H\000a\000r\000d\000w\000a\000r\000e\000\040\000V\000a\000l\000i\000d\000a\000t\000i\000o\000n\000\040\000D\000e\000t\000a\000i\000l\000s}{}% 24
\BOOKMARK [1][-]{appendix.E}{\376\377\000R\000I\000S\000C\000-\000V\000\040\000A\000s\000y\000m\000m\000e\000t\000r\000i\000c\000\040\000F\000e\000n\000c\000e\000\040\000A\000n\000a\000l\000y\000s\000i\000s}{}% 25
\BOOKMARK [1][-]{appendix.F}{\376\377\000P\000e\000r\000-\000T\000h\000r\000e\000a\000d\000\040\000F\000e\000n\000c\000e\000\040\000C\000o\000s\000t\000:\000\040\000F\000u\000l\000l\000\040\000R\000e\000s\000u\000l\000t\000s}{}% 26
\BOOKMARK [1][-]{appendix.G}{\376\377\000C\000a\000s\000e\000\040\000S\000t\000u\000d\000y\000\040\000D\000e\000t\000a\000i\000l\000s}{}% 27
\BOOKMARK [2][-]{subsection.G.1}{\376\377\000L\000o\000c\000k\000-\000F\000r\000e\000e\000\040\000S\000P\000S\000C\000\040\000Q\000u\000e\000u\000e\000\040\000\050\000x\0008\0006\000\040\000\040\000A\000R\000M\000\051}{appendix.G}% 28
\BOOKMARK [2][-]{subsection.G.2}{\376\377\000D\000e\000k\000k\000e\000r\000'\000s\000\040\000M\000u\000t\000u\000a\000l\000\040\000E\000x\000c\000l\000u\000s\000i\000o\000n\000\040\000\050\000x\0008\0006\000\040\000\040\000A\000R\000M\000\051}{appendix.G}% 29
\BOOKMARK [2][-]{subsection.G.3}{\376\377\000C\000U\000D\000A\000\040\000K\000e\000r\000n\000e\000l\000\040\000S\000c\000o\000p\000e\000\040\000M\000i\000s\000m\000a\000t\000c\000h}{appendix.G}% 30
\BOOKMARK [2][-]{subsection.G.4}{\376\377\000R\000I\000S\000C\000-\000V\000\040\000A\000s\000y\000m\000m\000e\000t\000r\000i\000c\000\040\000F\000e\000n\000c\000e\000\040\000P\000i\000t\000f\000a\000l\000l}{appendix.G}% 31
\BOOKMARK [1][-]{appendix.H}{\376\377\000C\000a\000t\000e\000g\000o\000r\000y\000\040\000S\000a\000f\000e\000t\000y\000\040\000R\000a\000t\000e\000\040\000A\000n\000a\000l\000y\000s\000i\000s}{}% 32
\BOOKMARK [1][-]{appendix.I}{\376\377\000P\000e\000r\000f\000o\000r\000m\000a\000n\000c\000e\000\040\000D\000e\000t\000a\000i\000l\000s}{}% 33
\BOOKMARK [1][-]{appendix.J}{\376\377\000P\000o\000r\000t\000a\000b\000i\000l\000i\000t\000y\000\040\000C\000h\000e\000c\000k\000i\000n\000g\000\040\000A\000l\000g\000o\000r\000i\000t\000h\000m\000:\000\040\000F\000o\000r\000m\000a\000l\000\040\000S\000p\000e\000c\000i\000f\000i\000c\000a\000t\000i\000o\000n}{}% 34
\BOOKMARK [1][-]{appendix.K}{\376\377\000C\000o\000m\000p\000a\000r\000i\000s\000o\000n\000\040\000w\000i\000t\000h\000\040\000h\000e\000r\000d\0007\000:\000\040\000Q\000u\000a\000l\000i\000t\000a\000t\000i\000v\000e\000\040\000A\000n\000a\000l\000y\000s\000i\000s}{}% 35
\BOOKMARK [1][-]{appendix.L}{\376\377\000R\000e\000p\000r\000o\000d\000u\000c\000i\000b\000i\000l\000i\000t\000y}{}% 36
