\BOOKMARK [1][-]{section.1}{\376\377\000I\000n\000t\000r\000o\000d\000u\000c\000t\000i\000o\000n}{}% 1
\BOOKMARK [1][-]{section.2}{\376\377\000B\000a\000c\000k\000g\000r\000o\000u\000n\000d}{}% 2
\BOOKMARK [1][-]{section.3}{\376\377\000S\000y\000s\000t\000e\000m\000\040\000A\000r\000c\000h\000i\000t\000e\000c\000t\000u\000r\000e}{}% 3
\BOOKMARK [1][-]{section.4}{\376\377\000W\000F\000A\000\040\000D\000e\000c\000o\000m\000p\000o\000s\000i\000t\000i\000o\000n\000\040\000o\000f\000\040\000N\000L\000P\000\040\000M\000e\000t\000r\000i\000c\000s}{}% 4
\BOOKMARK [1][-]{section.5}{\376\377\000T\000w\000o\000-\000T\000i\000e\000r\000\040\000C\000o\000m\000p\000i\000l\000a\000t\000i\000o\000n}{}% 5
\BOOKMARK [1][-]{section.6}{\376\377\000S\000T\000A\000R\000K\000\040\000P\000r\000o\000o\000f\000\040\000S\000y\000s\000t\000e\000m}{}% 6
\BOOKMARK [2][-]{subsection.6.1}{\376\377\000R\000e\000a\000l\000\040\000P\000r\000o\000o\000f\000\040\000R\000e\000s\000u\000l\000t\000s}{section.6}% 7
\BOOKMARK [1][-]{section.7}{\376\377\000E\000v\000a\000l\000u\000a\000t\000i\000o\000n}{}% 8
\BOOKMARK [2][-]{subsection.7.1}{\376\377\000B\000e\000n\000c\000h\000m\000a\000r\000k\000\040\000E\000v\000a\000l\000u\000a\000t\000i\000o\000n\000\040\000R\000e\000s\000u\000l\000t\000s}{section.7}% 9
\BOOKMARK [2][-]{subsection.7.2}{\376\377\000C\000o\000m\000p\000i\000l\000a\000t\000i\000o\000n\000\040\000C\000o\000r\000r\000e\000c\000t\000n\000e\000s\000s}{section.7}% 10
\BOOKMARK [2][-]{subsection.7.3}{\376\377\000E\000d\000g\000e\000-\000C\000a\000s\000e\000\040\000T\000e\000s\000t\000i\000n\000g}{section.7}% 11
\BOOKMARK [1][-]{section.8}{\376\377\000N\000-\000g\000r\000a\000m\000\040\000O\000v\000e\000r\000l\000a\000p\000\040\000D\000e\000t\000e\000c\000t\000i\000o\000n}{}% 12
\BOOKMARK [1][-]{section.9}{\376\377\000R\000e\000l\000a\000t\000e\000d\000\040\000W\000o\000r\000k}{}% 13
\BOOKMARK [1][-]{section.10}{\376\377\000L\000i\000m\000i\000t\000a\000t\000i\000o\000n\000s}{}% 14
\BOOKMARK [1][-]{section.11}{\376\377\000C\000o\000n\000c\000l\000u\000s\000i\000o\000n}{}% 15
\BOOKMARK [1][-]{appendix.A}{\376\377\000E\000v\000a\000l\000S\000p\000e\000c\000\040\000F\000o\000r\000m\000a\000l\000\040\000S\000p\000e\000c\000i\000f\000i\000c\000a\000t\000i\000o\000n}{}% 16
\BOOKMARK [2][-]{subsection.A.1}{\376\377\000C\000o\000m\000p\000l\000e\000t\000e\000\040\000B\000N\000F\000\040\000G\000r\000a\000m\000m\000a\000r}{appendix.A}% 17
\BOOKMARK [2][-]{subsection.A.2}{\376\377\000T\000y\000p\000i\000n\000g\000\040\000R\000u\000l\000e\000s}{appendix.A}% 18
\BOOKMARK [2][-]{subsection.A.3}{\376\377\000D\000e\000n\000o\000t\000a\000t\000i\000o\000n\000a\000l\000\040\000S\000e\000m\000a\000n\000t\000i\000c\000s}{appendix.A}% 19
\BOOKMARK [2][-]{subsection.A.4}{\376\377\000B\000L\000E\000U\000-\0004\000\040\000E\000x\000a\000m\000p\000l\000e}{appendix.A}% 20
\BOOKMARK [2][-]{subsection.A.5}{\376\377\000E\000x\000p\000r\000e\000s\000s\000i\000b\000i\000l\000i\000t\000y\000\040\000B\000o\000u\000n\000d\000a\000r\000y}{appendix.A}% 21
\BOOKMARK [1][-]{appendix.B}{\376\377\000S\000e\000m\000i\000r\000i\000n\000g\000\040\000A\000x\000i\000o\000m\000\040\000V\000e\000r\000i\000f\000i\000c\000a\000t\000i\000o\000n}{}% 22
\BOOKMARK [2][-]{subsection.B.1}{\376\377\000S\000e\000m\000i\000r\000i\000n\000g\000\040\000D\000e\000f\000i\000n\000i\000t\000i\000o\000n\000s}{appendix.B}% 23
\BOOKMARK [2][-]{subsection.B.2}{\376\377\000A\000x\000i\000o\000m\000\040\000V\000e\000r\000i\000f\000i\000c\000a\000t\000i\000o\000n\000\040\000M\000e\000t\000h\000o\000d\000o\000l\000o\000g\000y}{appendix.B}% 24
\BOOKMARK [1][-]{appendix.C}{\376\377\000F\000u\000l\000l\000\040\000B\000e\000n\000c\000h\000m\000a\000r\000k\000\040\000D\000a\000t\000a}{}% 25
\BOOKMARK [2][-]{subsection.C.1}{\376\377\000D\000e\000t\000a\000i\000l\000e\000d\000\040\000B\000e\000n\000c\000h\000m\000a\000r\000k\000\040\000S\000c\000o\000r\000e\000s}{appendix.C}% 26
\BOOKMARK [2][-]{subsection.C.2}{\376\377\000C\000o\000m\000p\000i\000l\000a\000t\000i\000o\000n\000\040\000C\000o\000r\000r\000e\000c\000t\000n\000e\000s\000s\000\040\000b\000y\000\040\000S\000e\000e\000d}{appendix.C}% 27
\BOOKMARK [2][-]{subsection.C.3}{\376\377\000S\000T\000A\000R\000K\000\040\000P\000r\000o\000o\000f\000\040\000D\000e\000t\000a\000i\000l\000e\000d\000\040\000D\000a\000t\000a}{appendix.C}% 28
\BOOKMARK [2][-]{subsection.C.4}{\376\377\000T\000i\000e\000r\000\040\0001\000\040\000S\000o\000u\000n\000d\000n\000e\000s\000s\000\040\000P\000r\000o\000o\000f}{appendix.C}% 29
\BOOKMARK [2][-]{subsection.C.5}{\376\377\000T\000i\000e\000r\000\040\0002\000\040\000S\000o\000u\000n\000d\000n\000e\000s\000s\000\040\000D\000e\000t\000a\000i\000l\000s}{appendix.C}% 30
\BOOKMARK [2][-]{subsection.C.6}{\376\377\000B\000o\000o\000l\000e\000a\000n\000\040\000E\000m\000b\000e\000d\000d\000i\000n\000g}{appendix.C}% 31
