\BOOKMARK [1][-]{section.1}{\376\377\000I\000n\000t\000r\000o\000d\000u\000c\000t\000i\000o\000n}{}% 1
\BOOKMARK [1][-]{section.2}{\376\377\000B\000a\000c\000k\000g\000r\000o\000u\000n\000d}{}% 2
\BOOKMARK [2][-]{subsection.2.1}{\376\377\000M\000a\000r\000k\000e\000t\000\040\000M\000a\000n\000i\000p\000u\000l\000a\000t\000i\000o\000n}{section.2}% 3
\BOOKMARK [2][-]{subsection.2.2}{\376\377\000C\000a\000u\000s\000a\000l\000\040\000I\000n\000f\000e\000r\000e\000n\000c\000e}{section.2}% 4
\BOOKMARK [2][-]{subsection.2.3}{\376\377\000A\000r\000i\000t\000h\000m\000e\000t\000i\000c\000\040\000C\000i\000r\000c\000u\000i\000t\000s}{section.2}% 5
\BOOKMARK [2][-]{subsection.2.4}{\376\377\000F\000i\000r\000s\000t\000-\000O\000r\000d\000e\000r\000\040\000M\000e\000t\000r\000i\000c\000\040\000T\000e\000m\000p\000o\000r\000a\000l\000\040\000L\000o\000g\000i\000c}{section.2}% 6
\BOOKMARK [1][-]{section.3}{\376\377\000S\000y\000s\000t\000e\000m\000\040\000A\000r\000c\000h\000i\000t\000e\000c\000t\000u\000r\000e}{}% 7
\BOOKMARK [1][-]{section.4}{\376\377\000C\000o\000r\000e\000\040\000C\000o\000n\000t\000r\000i\000b\000u\000t\000i\000o\000n\000s}{}% 8
\BOOKMARK [2][-]{subsection.4.1}{\376\377\000P\000r\000o\000o\000f\000\040\000B\000r\000i\000d\000g\000e\000:\000\040\000F\000o\000r\000m\000a\000l\000\040\000S\000o\000u\000n\000d\000n\000e\000s\000s}{section.4}% 9
\BOOKMARK [2][-]{subsection.4.2}{\376\377\000E\000x\000a\000c\000t\000\040\000B\000a\000y\000e\000s\000i\000a\000n\000\040\000I\000n\000f\000e\000r\000e\000n\000c\000e}{section.4}% 10
\BOOKMARK [2][-]{subsection.4.3}{\376\377\000C\000a\000u\000s\000a\000l\000\040\000D\000i\000s\000c\000o\000v\000e\000r\000y\000\040\000w\000i\000t\000h\000\040\000G\000u\000a\000r\000a\000n\000t\000e\000e\000s}{section.4}% 11
\BOOKMARK [2][-]{subsection.4.4}{\376\377\000F\000O\000-\000M\000T\000L\000\040\000M\000o\000n\000i\000t\000o\000r\000i\000n\000g}{section.4}% 12
\BOOKMARK [2][-]{subsection.4.5}{\376\377\000C\000o\000m\000p\000o\000s\000i\000t\000i\000o\000n\000a\000l\000\040\000S\000o\000u\000n\000d\000n\000e\000s\000s}{section.4}% 13
\BOOKMARK [1][-]{section.5}{\376\377\000E\000v\000a\000l\000u\000a\000t\000i\000o\000n}{}% 14
\BOOKMARK [2][-]{subsection.5.1}{\376\377\000E\000x\000p\000e\000r\000i\000m\000e\000n\000t\000a\000l\000\040\000S\000e\000t\000u\000p}{section.5}% 15
\BOOKMARK [2][-]{subsection.5.2}{\376\377\000D\000e\000t\000e\000c\000t\000i\000o\000n\000\040\000P\000e\000r\000f\000o\000r\000m\000a\000n\000c\000e}{section.5}% 16
\BOOKMARK [2][-]{subsection.5.3}{\376\377\000E\000v\000i\000d\000e\000n\000c\000e\000\040\000S\000t\000r\000e\000n\000g\000t\000h\000\040\000a\000n\000d\000\040\000P\000r\000o\000o\000f\000\040\000V\000e\000r\000i\000f\000i\000c\000a\000t\000i\000o\000n}{section.5}% 17
\BOOKMARK [2][-]{subsection.5.4}{\376\377\000A\000d\000v\000e\000r\000s\000a\000r\000i\000a\000l\000\040\000R\000o\000b\000u\000s\000t\000n\000e\000s\000s}{section.5}% 18
\BOOKMARK [2][-]{subsection.5.5}{\376\377\000M\000i\000s\000s\000p\000e\000c\000i\000f\000i\000c\000a\000t\000i\000o\000n\000\040\000R\000o\000b\000u\000s\000t\000n\000e\000s\000s}{section.5}% 19
\BOOKMARK [1][-]{section.6}{\376\377\000R\000e\000l\000a\000t\000e\000d\000\040\000W\000o\000r\000k}{}% 20
\BOOKMARK [1][-]{section.7}{\376\377\000C\000o\000n\000c\000l\000u\000s\000i\000o\000n}{}% 21
\BOOKMARK [1][-]{appendix.A}{\376\377\000F\000o\000r\000m\000a\000l\000\040\000P\000r\000o\000o\000f\000s}{}% 22
\BOOKMARK [2][-]{subsection.A.1}{\376\377\000T\000h\000e\000o\000r\000e\000m\000\040\0002\000:\000\040\000P\000r\000o\000o\000f\000\040\000B\000r\000i\000d\000g\000e\000\040\000S\000o\000u\000n\000d\000n\000e\000s\000s}{appendix.A}% 23
\BOOKMARK [2][-]{subsection.A.2}{\376\377\000T\000h\000e\000o\000r\000e\000m\000\040\0003\000:\000\040\000F\000i\000n\000i\000t\000e\000-\000S\000a\000m\000p\000l\000e\000\040\000B\000o\000u\000n\000d}{appendix.A}% 24
\BOOKMARK [2][-]{subsection.A.3}{\376\377\000T\000h\000e\000o\000r\000e\000m\000\040\0004\000:\000\040\000D\000A\000G\000\040\000M\000i\000s\000s\000p\000e\000c\000i\000f\000i\000c\000a\000t\000i\000o\000n\000\040\000B\000o\000u\000n\000d}{appendix.A}% 25
\BOOKMARK [1][-]{appendix.B}{\376\377\000Q\000F\000\137\000L\000R\000A\000\040\000E\000n\000c\000o\000d\000i\000n\000g\000\040\000S\000p\000e\000c\000i\000f\000i\000c\000a\000t\000i\000o\000n}{}% 26
\BOOKMARK [2][-]{subsection.B.1}{\376\377\000V\000a\000r\000i\000a\000b\000l\000e\000\040\000E\000n\000u\000m\000e\000r\000a\000t\000i\000o\000n}{appendix.B}% 27
\BOOKMARK [2][-]{subsection.B.2}{\376\377\000C\000o\000n\000s\000t\000r\000a\000i\000n\000t\000\040\000E\000n\000u\000m\000e\000r\000a\000t\000i\000o\000n}{appendix.B}% 28
\BOOKMARK [2][-]{subsection.B.3}{\376\377\000E\000r\000r\000o\000r\000\040\000B\000u\000d\000g\000e\000t}{appendix.B}% 29
\BOOKMARK [1][-]{appendix.C}{\376\377\000F\000O\000-\000M\000T\000L\000\040\000F\000r\000a\000g\000m\000e\000n\000t\000\040\000C\000h\000a\000r\000a\000c\000t\000e\000r\000i\000z\000a\000t\000i\000o\000n}{}% 30
\BOOKMARK [2][-]{subsection.C.1}{\376\377\000S\000y\000n\000t\000a\000x}{appendix.C}% 31
\BOOKMARK [2][-]{subsection.C.2}{\376\377\000R\000e\000s\000t\000r\000i\000c\000t\000i\000o\000n\000s\000\040\000f\000o\000r\000\040\000D\000e\000c\000i\000d\000a\000b\000i\000l\000i\000t\000y}{appendix.C}% 32
\BOOKMARK [2][-]{subsection.C.3}{\376\377\000D\000e\000c\000i\000d\000a\000b\000i\000l\000i\000t\000y\000\040\000A\000r\000g\000u\000m\000e\000n\000t}{appendix.C}% 33
\BOOKMARK [2][-]{subsection.C.4}{\376\377\000R\000e\000g\000u\000l\000a\000t\000o\000r\000y\000\040\000S\000p\000e\000c\000i\000f\000i\000c\000a\000t\000i\000o\000n\000\040\000L\000i\000b\000r\000a\000r\000y}{appendix.C}% 34
\BOOKMARK [1][-]{appendix.D}{\376\377\000E\000v\000a\000l\000u\000a\000t\000i\000o\000n\000\040\000D\000e\000t\000a\000i\000l\000s}{}% 35
\BOOKMARK [2][-]{subsection.D.1}{\376\377\000P\000e\000r\000-\000S\000c\000e\000n\000a\000r\000i\000o\000\040\000D\000e\000t\000e\000c\000t\000i\000o\000n\000\040\000R\000e\000s\000u\000l\000t\000s}{appendix.D}% 36
\BOOKMARK [2][-]{subsection.D.2}{\376\377\000E\000v\000i\000d\000e\000n\000c\000e\000\040\000S\000t\000r\000e\000n\000g\000t\000h\000\040\000P\000e\000r\000\040\000S\000c\000e\000n\000a\000r\000i\000o}{appendix.D}% 37
\BOOKMARK [2][-]{subsection.D.3}{\376\377\000A\000d\000v\000e\000r\000s\000a\000r\000i\000a\000l\000\040\000T\000r\000a\000i\000n\000i\000n\000g\000\040\000D\000e\000t\000a\000i\000l\000s}{appendix.D}% 38
\BOOKMARK [1][-]{appendix.E}{\376\377\000T\000C\000B\000\040\000A\000n\000a\000l\000y\000s\000i\000s}{}% 39
\BOOKMARK [2][-]{subsection.E.1}{\376\377\000C\000o\000m\000p\000l\000e\000t\000e\000\040\000V\000e\000r\000i\000f\000i\000c\000a\000t\000i\000o\000n\000\040\000C\000h\000a\000i\000n}{appendix.E}% 40
\BOOKMARK [2][-]{subsection.E.2}{\376\377\000H\000o\000n\000e\000s\000t\000\040\000A\000s\000s\000e\000s\000s\000m\000e\000n\000t}{appendix.E}% 41
\BOOKMARK [1][-]{appendix.F}{\376\377\000A\000l\000g\000o\000r\000i\000t\000h\000m\000\040\000P\000s\000e\000u\000d\000o\000c\000o\000d\000e}{}% 42
