\BOOKMARK [1][-]{section.1}{\376\377\000I\000n\000t\000r\000o\000d\000u\000c\000t\000i\000o\000n}{}% 1
\BOOKMARK [1][-]{section.2}{\376\377\000B\000a\000c\000k\000g\000r\000o\000u\000n\000d}{}% 2
\BOOKMARK [2][-]{subsection.2.1}{\376\377\000C\000a\000u\000s\000a\000l\000\040\000D\000i\000s\000c\000o\000v\000e\000r\000y}{section.2}% 3
\BOOKMARK [2][-]{subsection.2.2}{\376\377\000S\000c\000o\000r\000e\000-\000B\000a\000s\000e\000d\000\040\000C\000a\000u\000s\000a\000l\000\040\000D\000i\000s\000c\000o\000v\000e\000r\000y}{section.2}% 4
\BOOKMARK [2][-]{subsection.2.3}{\376\377\000Q\000u\000a\000l\000i\000t\000y\000-\000D\000i\000v\000e\000r\000s\000i\000t\000y\000\040\000O\000p\000t\000i\000m\000i\000s\000a\000t\000i\000o\000n}{section.2}% 5
\BOOKMARK [1][-]{section.3}{\376\377\000M\000e\000t\000h\000o\000d\000:\000\040\000C\000a\000u\000s\000a\000l\000Q\000D}{}% 6
\BOOKMARK [2][-]{subsection.3.1}{\376\377\000P\000r\000o\000b\000l\000e\000m\000\040\000F\000o\000r\000m\000u\000l\000a\000t\000i\000o\000n}{section.3}% 7
\BOOKMARK [2][-]{subsection.3.2}{\376\377\000A\000l\000g\000o\000r\000i\000t\000h\000m}{section.3}% 8
\BOOKMARK [2][-]{subsection.3.3}{\376\377\000B\000e\000h\000a\000v\000i\000o\000u\000r\000a\000l\000\040\000D\000e\000s\000c\000r\000i\000p\000t\000o\000r\000s}{section.3}% 9
\BOOKMARK [2][-]{subsection.3.4}{\376\377\000M\000u\000t\000a\000t\000i\000o\000n\000\040\000O\000p\000e\000r\000a\000t\000o\000r\000s}{section.3}% 10
\BOOKMARK [2][-]{subsection.3.5}{\376\377\000C\000r\000o\000s\000s\000o\000v\000e\000r\000\040\000O\000p\000e\000r\000a\000t\000o\000r\000s}{section.3}% 11
\BOOKMARK [2][-]{subsection.3.6}{\376\377\000A\000d\000a\000p\000t\000i\000v\000e\000\040\000O\000p\000e\000r\000a\000t\000o\000r\000\040\000S\000e\000l\000e\000c\000t\000i\000o\000n}{section.3}% 12
\BOOKMARK [2][-]{subsection.3.7}{\376\377\000B\000o\000o\000t\000s\000t\000r\000a\000p\000\040\000E\000d\000g\000e\000\040\000C\000e\000r\000t\000i\000f\000i\000c\000a\000t\000e\000s}{section.3}% 13
\BOOKMARK [1][-]{section.4}{\376\377\000I\000m\000p\000l\000e\000m\000e\000n\000t\000a\000t\000i\000o\000n}{}% 14
\BOOKMARK [1][-]{section.5}{\376\377\000E\000x\000p\000e\000r\000i\000m\000e\000n\000t\000s}{}% 15
\BOOKMARK [2][-]{subsection.5.1}{\376\377\000E\000x\000p\000e\000r\000i\000m\000e\000n\000t\000a\000l\000\040\000S\000e\000t\000u\000p}{section.5}% 16
\BOOKMARK [2][-]{subsection.5.2}{\376\377\000R\000e\000s\000u\000l\000t\000s\000:\000\040\000S\000i\000n\000g\000l\000e\000-\000B\000e\000s\000t\000\040\000Q\000u\000a\000l\000i\000t\000y}{section.5}% 17
\BOOKMARK [2][-]{subsection.5.3}{\376\377\000R\000e\000s\000u\000l\000t\000s\000:\000\040\000D\000i\000v\000e\000r\000s\000i\000t\000y}{section.5}% 18
\BOOKMARK [2][-]{subsection.5.4}{\376\377\000R\000e\000s\000u\000l\000t\000s\000:\000\040\000B\000o\000o\000t\000s\000t\000r\000a\000p\000\040\000C\000e\000r\000t\000i\000f\000i\000c\000a\000t\000e\000s}{section.5}% 19
\BOOKMARK [2][-]{subsection.5.5}{\376\377\000A\000b\000l\000a\000t\000i\000o\000n\000:\000\040\000O\000p\000e\000r\000a\000t\000o\000r\000\040\000P\000o\000r\000t\000f\000o\000l\000i\000o}{section.5}% 20
\BOOKMARK [2][-]{subsection.5.6}{\376\377\000S\000c\000a\000l\000a\000b\000i\000l\000i\000t\000y}{section.5}% 21
\BOOKMARK [1][-]{section.6}{\376\377\000D\000i\000s\000c\000u\000s\000s\000i\000o\000n}{}% 22
\BOOKMARK [2][-]{subsection.6.1}{\376\377\000S\000O\000T\000A\000\040\000C\000l\000a\000i\000m\000s}{section.6}% 23
\BOOKMARK [2][-]{subsection.6.2}{\376\377\000L\000i\000m\000i\000t\000a\000t\000i\000o\000n\000s}{section.6}% 24
\BOOKMARK [2][-]{subsection.6.3}{\376\377\000R\000e\000l\000a\000t\000e\000d\000\040\000W\000o\000r\000k}{section.6}% 25
\BOOKMARK [1][-]{section.7}{\376\377\000C\000o\000n\000c\000l\000u\000s\000i\000o\000n}{}% 26
\BOOKMARK [1][-]{appendix.A}{\376\377\000A\000d\000d\000i\000t\000i\000o\000n\000a\000l\000\040\000E\000x\000p\000e\000r\000i\000m\000e\000n\000t\000a\000l\000\040\000D\000e\000t\000a\000i\000l\000s}{}% 27
\BOOKMARK [2][-]{subsection.A.1}{\376\377\000D\000a\000t\000a\000\040\000G\000e\000n\000e\000r\000a\000t\000i\000o\000n}{appendix.A}% 28
\BOOKMARK [2][-]{subsection.A.2}{\376\377\000C\000a\000u\000s\000a\000l\000Q\000D\000\040\000C\000o\000n\000f\000i\000g\000u\000r\000a\000t\000i\000o\000n\000\040\000D\000e\000t\000a\000i\000l\000s}{appendix.A}% 29
\BOOKMARK [2][-]{subsection.A.3}{\376\377\000O\000p\000e\000r\000a\000t\000o\000r\000\040\000P\000o\000r\000t\000f\000o\000l\000i\000o}{appendix.A}% 30
\BOOKMARK [1][-]{appendix.B}{\376\377\000T\000h\000e\000o\000r\000e\000t\000i\000c\000a\000l\000\040\000P\000r\000o\000p\000e\000r\000t\000i\000e\000s}{}% 31
\BOOKMARK [1][-]{appendix.C}{\376\377\000E\000x\000t\000e\000n\000d\000e\000d\000\040\000E\000x\000p\000e\000r\000i\000m\000e\000n\000t\000a\000l\000\040\000A\000n\000a\000l\000y\000s\000i\000s}{}% 32
\BOOKMARK [2][-]{subsection.C.1}{\376\377\000S\000a\000m\000p\000l\000e\000\040\000S\000i\000z\000e\000\040\000S\000e\000n\000s\000i\000t\000i\000v\000i\000t\000y}{appendix.C}% 33
\BOOKMARK [2][-]{subsection.C.2}{\376\377\000A\000r\000c\000h\000i\000v\000e\000\040\000D\000i\000m\000e\000n\000s\000i\000o\000n\000a\000l\000i\000t\000y}{appendix.C}% 34
\BOOKMARK [2][-]{subsection.C.3}{\376\377\000I\000t\000e\000r\000a\000t\000i\000o\000n\000\040\000B\000u\000d\000g\000e\000t\000\040\000A\000l\000l\000o\000c\000a\000t\000i\000o\000n}{appendix.C}% 35
\BOOKMARK [2][-]{subsection.C.4}{\376\377\000O\000p\000e\000r\000a\000t\000o\000r\000\040\000S\000e\000l\000e\000c\000t\000i\000o\000n\000\040\000A\000n\000a\000l\000y\000s\000i\000s}{appendix.C}% 36
\BOOKMARK [2][-]{subsection.C.5}{\376\377\000C\000o\000n\000v\000e\000r\000g\000e\000n\000c\000e\000\040\000D\000y\000n\000a\000m\000i\000c\000s}{appendix.C}% 37
\BOOKMARK [2][-]{subsection.C.6}{\376\377\000S\000t\000a\000t\000i\000s\000t\000i\000c\000a\000l\000\040\000S\000i\000g\000n\000i\000f\000i\000c\000a\000n\000c\000e}{appendix.C}% 38
\BOOKMARK [2][-]{subsection.C.7}{\376\377\000M\000E\000C\000\040\000L\000a\000n\000d\000s\000c\000a\000p\000e\000\040\000A\000n\000a\000l\000y\000s\000i\000s}{appendix.C}% 39
\BOOKMARK [1][-]{appendix.D}{\376\377\000B\000r\000o\000a\000d\000e\000r\000\040\000I\000m\000p\000a\000c\000t\000\040\000a\000n\000d\000\040\000A\000p\000p\000l\000i\000c\000a\000t\000i\000o\000n\000s}{}% 40
\BOOKMARK [2][-]{subsection.D.1}{\376\377\000A\000p\000p\000l\000i\000c\000a\000t\000i\000o\000n\000s}{appendix.D}% 41
\BOOKMARK [2][-]{subsection.D.2}{\376\377\000C\000o\000m\000p\000a\000r\000i\000s\000o\000n\000\040\000t\000o\000\040\000B\000a\000y\000e\000s\000i\000a\000n\000\040\000A\000p\000p\000r\000o\000a\000c\000h\000e\000s}{appendix.D}% 42
\BOOKMARK [2][-]{subsection.D.3}{\376\377\000R\000e\000l\000a\000t\000i\000o\000n\000s\000h\000i\000p\000\040\000t\000o\000\040\000E\000n\000s\000e\000m\000b\000l\000e\000\040\000M\000e\000t\000h\000o\000d\000s}{appendix.D}% 43
\BOOKMARK [1][-]{appendix.E}{\376\377\000S\000o\000f\000t\000w\000a\000r\000e\000\040\000E\000n\000g\000i\000n\000e\000e\000r\000i\000n\000g\000\040\000D\000e\000t\000a\000i\000l\000s}{}% 44
\BOOKMARK [2][-]{subsection.E.1}{\376\377\000T\000e\000s\000t\000i\000n\000g\000\040\000S\000t\000r\000a\000t\000e\000g\000y}{appendix.E}% 45
\BOOKMARK [2][-]{subsection.E.2}{\376\377\000P\000e\000r\000f\000o\000r\000m\000a\000n\000c\000e\000\040\000P\000r\000o\000f\000i\000l\000i\000n\000g}{appendix.E}% 46
\BOOKMARK [2][-]{subsection.E.3}{\376\377\000E\000x\000t\000e\000n\000s\000i\000b\000i\000l\000i\000t\000y}{appendix.E}% 47
\BOOKMARK [2][-]{subsection.E.4}{\376\377\000R\000e\000p\000r\000o\000d\000u\000c\000i\000b\000i\000l\000i\000t\000y}{appendix.E}% 48
\BOOKMARK [1][-]{appendix.F}{\376\377\000F\000u\000t\000u\000r\000e\000\040\000D\000i\000r\000e\000c\000t\000i\000o\000n\000s}{}% 49
