\BOOKMARK [1][-]{section.1}{\376\377\000I\000n\000t\000r\000o\000d\000u\000c\000t\000i\000o\000n}{}% 1
\BOOKMARK [1][-]{section.2}{\376\377\000S\000y\000s\000t\000e\000m\000\040\000A\000r\000c\000h\000i\000t\000e\000c\000t\000u\000r\000e}{}% 2
\BOOKMARK [2][-]{subsection.2.1}{\376\377\000I\000m\000p\000l\000e\000m\000e\000n\000t\000a\000t\000i\000o\000n}{section.2}% 3
\BOOKMARK [1][-]{section.3}{\376\377\000A\000l\000g\000o\000r\000i\000t\000h\000m\000s}{}% 4
\BOOKMARK [2][-]{subsection.3.1}{\376\377\000A\000L\000G\000\040\0001\000:\000\040\000C\000o\000n\000t\000e\000x\000t\000-\000A\000w\000a\000r\000e\000\040\000D\000A\000G\000\040\000A\000l\000i\000g\000n\000m\000e\000n\000t\000\040\000\050\000C\000A\000D\000A\000\051}{section.3}% 5
\BOOKMARK [2][-]{subsection.3.2}{\376\377\000A\000L\000G\000\040\0002\000:\000\040\000P\000l\000a\000s\000t\000i\000c\000i\000t\000y\000\040\000D\000e\000s\000c\000r\000i\000p\000t\000o\000r\000\040\000C\000o\000m\000p\000u\000t\000a\000t\000i\000o\000n}{section.3}% 6
\BOOKMARK [2][-]{subsection.3.3}{\376\377\000A\000L\000G\000\040\0003\000:\000\040\000Q\000D\000-\000M\000A\000P\000-\000E\000l\000i\000t\000e\000s\000\040\000S\000e\000a\000r\000c\000h}{section.3}% 7
\BOOKMARK [2][-]{subsection.3.4}{\376\377\000A\000L\000G\000\040\0004\000:\000\040\000T\000i\000p\000p\000i\000n\000g\000-\000P\000o\000i\000n\000t\000\040\000D\000e\000t\000e\000c\000t\000i\000o\000n}{section.3}% 8
\BOOKMARK [2][-]{subsection.3.5}{\376\377\000A\000L\000G\000\040\0005\000:\000\040\000R\000o\000b\000u\000s\000t\000n\000e\000s\000s\000\040\000C\000e\000r\000t\000i\000f\000i\000c\000a\000t\000i\000o\000n}{section.3}% 9
\BOOKMARK [1][-]{section.4}{\376\377\000E\000x\000p\000e\000r\000i\000m\000e\000n\000t\000a\000l\000\040\000E\000v\000a\000l\000u\000a\000t\000i\000o\000n}{}% 10
\BOOKMARK [2][-]{subsection.4.1}{\376\377\000S\000e\000t\000u\000p}{section.4}% 11
\BOOKMARK [2][-]{subsection.4.2}{\376\377\000R\000e\000s\000u\000l\000t\000s}{section.4}% 12
\BOOKMARK [2][-]{subsection.4.3}{\376\377\000A\000b\000l\000a\000t\000i\000o\000n\000\040\000S\000t\000u\000d\000y}{section.4}% 13
\BOOKMARK [1][-]{section.5}{\376\377\000U\000s\000a\000g\000e}{}% 14
\BOOKMARK [2][-]{subsection.5.1}{\376\377\000I\000n\000s\000t\000a\000l\000l\000a\000t\000i\000o\000n}{section.5}% 15
\BOOKMARK [2][-]{subsection.5.2}{\376\377\000P\000y\000t\000h\000o\000n\000\040\000A\000P\000I}{section.5}% 16
\BOOKMARK [2][-]{subsection.5.3}{\376\377\000C\000o\000m\000m\000a\000n\000d\000\040\000L\000i\000n\000e}{section.5}% 17
\BOOKMARK [1][-]{section.6}{\376\377\000T\000e\000s\000t\000i\000n\000g}{}% 18
\BOOKMARK [1][-]{section.7}{\376\377\000R\000e\000l\000a\000t\000e\000d\000\040\000W\000o\000r\000k}{}% 19
\BOOKMARK [1][-]{section.8}{\376\377\000C\000o\000n\000c\000l\000u\000s\000i\000o\000n}{}% 20
