\BOOKMARK [1][-]{section.1}{\376\377\000I\000n\000t\000r\000o\000d\000u\000c\000t\000i\000o\000n}{}% 1
\BOOKMARK [1][-]{section.2}{\376\377\000M\000e\000t\000h\000o\000d\000:\000\040\000S\000i\000n\000k\000h\000o\000r\000n\000-\000G\000u\000i\000d\000e\000d\000\040\000S\000e\000l\000e\000c\000t\000i\000o\000n}{}% 2
\BOOKMARK [2][-]{subsection.2.1}{\376\377\000S\000i\000n\000k\000h\000o\000r\000n\000\040\000D\000i\000v\000e\000r\000g\000e\000n\000c\000e\000\040\000a\000s\000\040\000a\000\040\000D\000i\000v\000e\000r\000s\000i\000t\000y\000\040\000O\000b\000j\000e\000c\000t\000i\000v\000e}{section.2}% 3
\BOOKMARK [2][-]{subsection.2.2}{\376\377\000D\000i\000v\000F\000l\000o\000w\000\040\000A\000l\000g\000o\000r\000i\000t\000h\000m}{section.2}% 4
\BOOKMARK [1][-]{section.3}{\376\377\000A\000l\000g\000e\000b\000r\000a\000i\000c\000\040\000P\000r\000o\000o\000f\000\040\000o\000f\000\040\000t\000h\000e\000\040\000C\000o\000m\000p\000o\000s\000i\000t\000i\000o\000n\000\040\000T\000h\000e\000o\000r\000e\000m}{}% 5
\BOOKMARK [2][-]{subsection.3.1}{\376\377\000S\000o\000c\000i\000a\000l\000\040\000W\000e\000l\000f\000a\000r\000e\000\040\000F\000u\000n\000c\000t\000i\000o\000n}{section.3}% 6
\BOOKMARK [2][-]{subsection.3.2}{\376\377\000M\000a\000i\000n\000\040\000T\000h\000e\000o\000r\000e\000m}{section.3}% 7
\BOOKMARK [2][-]{subsection.3.3}{\376\377\000A\000p\000p\000r\000o\000x\000i\000m\000a\000t\000e\000\040\000S\000u\000b\000m\000o\000d\000u\000l\000a\000r\000i\000t\000y}{section.3}% 8
\BOOKMARK [1][-]{section.4}{\376\377\000I\000C\000\040\000V\000i\000o\000l\000a\000t\000i\000o\000n\000\040\000A\000n\000a\000l\000y\000s\000i\000s\000:\000\040\000R\000o\000o\000t\000\040\000C\000a\000u\000s\000e\000s}{}% 9
\BOOKMARK [2][-]{subsection.4.1}{\376\377\000V\000C\000G\000\040\000C\000o\000n\000d\000i\000t\000i\000o\000n\000s\000\040\000f\000o\000r\000\040\000D\000S\000I\000C}{section.4}% 10
\BOOKMARK [2][-]{subsection.4.2}{\376\377\000V\000i\000o\000l\000a\000t\000i\000o\000n\000\040\000T\000a\000x\000o\000n\000o\000m\000y}{section.4}% 11
\BOOKMARK [2][-]{subsection.4.3}{\376\377\000E\000m\000p\000i\000r\000i\000c\000a\000l\000\040\000R\000e\000s\000u\000l\000t\000s}{section.4}% 12
\BOOKMARK [1][-]{section.5}{\376\377\000Z\0003\000\040\000S\000M\000T\000\040\000V\000e\000r\000i\000f\000i\000c\000a\000t\000i\000o\000n}{}% 13
\BOOKMARK [2][-]{subsection.5.1}{\376\377\000E\000n\000c\000o\000d\000i\000n\000g}{section.5}% 14
\BOOKMARK [2][-]{subsection.5.2}{\376\377\000R\000e\000s\000u\000l\000t\000s}{section.5}% 15
\BOOKMARK [1][-]{section.6}{\376\377\000E\000x\000p\000e\000r\000i\000m\000e\000n\000t\000s}{}% 16
\BOOKMARK [2][-]{subsection.6.1}{\376\377\000S\000t\000a\000t\000i\000s\000t\000i\000c\000a\000l\000\040\000M\000e\000t\000h\000o\000d\000o\000l\000o\000g\000y}{section.6}% 17
\BOOKMARK [2][-]{subsection.6.2}{\376\377\000D\000i\000v\000F\000l\000o\000w\000\040\000v\000s\000.\000\040\000B\000a\000s\000e\000l\000i\000n\000e\000s}{section.6}% 18
\BOOKMARK [2][-]{subsection.6.3}{\376\377\000C\000o\000m\000p\000o\000s\000i\000t\000i\000o\000n\000\040\000T\000h\000e\000o\000r\000e\000m\000\040\000V\000e\000r\000i\000f\000i\000c\000a\000t\000i\000o\000n}{section.6}% 19
\BOOKMARK [2][-]{subsection.6.4}{\376\377\000I\000C\000\040\000V\000i\000o\000l\000a\000t\000i\000o\000n\000\040\000A\000n\000a\000l\000y\000s\000i\000s}{section.6}% 20
\BOOKMARK [2][-]{subsection.6.5}{\376\377\000S\000c\000o\000r\000i\000n\000g\000\040\000R\000u\000l\000e\000\040\000P\000r\000o\000p\000e\000r\000n\000e\000s\000s}{section.6}% 21
\BOOKMARK [2][-]{subsection.6.6}{\376\377\000C\000o\000v\000e\000r\000a\000g\000e\000\040\000C\000e\000r\000t\000i\000f\000i\000c\000a\000t\000e\000s}{section.6}% 22
\BOOKMARK [2][-]{subsection.6.7}{\376\377\000S\000e\000n\000s\000i\000t\000i\000v\000i\000t\000y\000\040\000A\000n\000a\000l\000y\000s\000i\000s}{section.6}% 23
\BOOKMARK [1][-]{section.7}{\376\377\000R\000e\000l\000a\000t\000e\000d\000\040\000W\000o\000r\000k}{}% 24
\BOOKMARK [1][-]{section.8}{\376\377\000C\000o\000n\000c\000l\000u\000s\000i\000o\000n}{}% 25
\BOOKMARK [1][-]{appendix.A}{\376\377\000F\000u\000l\000l\000\040\000A\000l\000g\000o\000r\000i\000t\000h\000m\000\040\000D\000e\000t\000a\000i\000l\000s}{}% 26
\BOOKMARK [2][-]{subsection.A.1}{\376\377\000S\000i\000n\000k\000h\000o\000r\000n\000-\000K\000n\000o\000p\000p\000\040\000A\000l\000g\000o\000r\000i\000t\000h\000m}{appendix.A}% 27
\BOOKMARK [2][-]{subsection.A.2}{\376\377\000V\000C\000G\000\040\000P\000a\000y\000m\000e\000n\000t\000\040\000C\000o\000m\000p\000u\000t\000a\000t\000i\000o\000n}{appendix.A}% 28
\BOOKMARK [1][-]{appendix.B}{\376\377\000D\000e\000t\000a\000i\000l\000e\000d\000\040\000A\000l\000g\000e\000b\000r\000a\000i\000c\000\040\000P\000r\000o\000o\000f}{}% 29
\BOOKMARK [2][-]{subsection.B.1}{\376\377\000S\000i\000n\000k\000h\000o\000r\000n\000\040\000D\000u\000a\000l\000\040\000R\000e\000p\000r\000e\000s\000e\000n\000t\000a\000t\000i\000o\000n}{appendix.B}% 30
\BOOKMARK [2][-]{subsection.B.2}{\376\377\000I\000n\000d\000e\000p\000e\000n\000d\000e\000n\000c\000e\000\040\000A\000r\000g\000u\000m\000e\000n\000t}{appendix.B}% 31
\BOOKMARK [2][-]{subsection.B.3}{\376\377\000N\000u\000m\000e\000r\000i\000c\000a\000l\000\040\000V\000e\000r\000i\000f\000i\000c\000a\000t\000i\000o\000n}{appendix.B}% 32
\BOOKMARK [1][-]{appendix.C}{\376\377\000I\000C\000\040\000V\000i\000o\000l\000a\000t\000i\000o\000n\000\040\000R\000o\000o\000t\000-\000C\000a\000u\000s\000e\000\040\000A\000n\000a\000l\000y\000s\000i\000s\000:\000\040\000F\000u\000l\000l\000\040\000D\000e\000t\000a\000i\000l\000s}{}% 33
\BOOKMARK [2][-]{subsection.C.1}{\376\377\000V\000C\000G\000\040\000C\000o\000n\000d\000i\000t\000i\000o\000n\000\040\000F\000a\000i\000l\000u\000r\000e\000\040\000M\000e\000c\000h\000a\000n\000i\000s\000m}{appendix.C}% 34
\BOOKMARK [2][-]{subsection.C.2}{\376\377\000V\000i\000o\000l\000a\000t\000i\000o\000n\000\040\000B\000o\000u\000n\000d\000\040\000D\000e\000r\000i\000v\000a\000t\000i\000o\000n}{appendix.C}% 35
\BOOKMARK [2][-]{subsection.C.3}{\376\377\000T\000y\000p\000e\000\040\000A\000\040\000V\000i\000o\000l\000a\000t\000i\000o\000n\000\040\000M\000e\000c\000h\000a\000n\000i\000s\000m}{appendix.C}% 36
\BOOKMARK [1][-]{appendix.D}{\376\377\000Z\0003\000\040\000E\000n\000c\000o\000d\000i\000n\000g\000\040\000D\000e\000t\000a\000i\000l\000s}{}% 37
\BOOKMARK [2][-]{subsection.D.1}{\376\377\000S\000M\000T\000\040\000F\000o\000r\000m\000u\000l\000a\000t\000i\000o\000n}{appendix.D}% 38
\BOOKMARK [1][-]{appendix.E}{\376\377\000S\000t\000a\000t\000i\000s\000t\000i\000c\000a\000l\000\040\000M\000e\000t\000h\000o\000d\000o\000l\000o\000g\000y}{}% 39
\BOOKMARK [2][-]{subsection.E.1}{\376\377\000E\000n\000h\000a\000n\000c\000e\000d\000\040\000B\000o\000o\000t\000s\000t\000r\000a\000p}{appendix.E}% 40
\BOOKMARK [2][-]{subsection.E.2}{\376\377\000M\000u\000l\000t\000i\000p\000l\000e\000\040\000T\000e\000s\000t\000i\000n\000g\000\040\000C\000o\000r\000r\000e\000c\000t\000i\000o\000n}{appendix.E}% 41
\BOOKMARK [2][-]{subsection.E.3}{\376\377\000P\000o\000w\000e\000r\000\040\000A\000n\000a\000l\000y\000s\000i\000s}{appendix.E}% 42
\BOOKMARK [1][-]{appendix.F}{\376\377\000C\000o\000v\000e\000r\000a\000g\000e\000\040\000C\000e\000r\000t\000i\000f\000i\000c\000a\000t\000e\000s\000:\000\040\000F\000u\000l\000l\000\040\000D\000e\000r\000i\000v\000a\000t\000i\000o\000n}{}% 43
\BOOKMARK [2][-]{subsection.F.1}{\376\377\000R\000o\000g\000e\000r\000s\000'\000\040\000C\000o\000v\000e\000r\000i\000n\000g\000\040\000C\000o\000n\000s\000t\000a\000n\000t}{appendix.F}% 44
\BOOKMARK [2][-]{subsection.F.2}{\376\377\000E\000f\000f\000e\000c\000t\000i\000v\000e\000\040\000D\000i\000m\000e\000n\000s\000i\000o\000n\000\040\000E\000s\000t\000i\000m\000a\000t\000i\000o\000n}{appendix.F}% 45
\BOOKMARK [1][-]{appendix.G}{\376\377\000S\000c\000o\000r\000i\000n\000g\000\040\000R\000u\000l\000e\000\040\000P\000r\000o\000p\000e\000r\000n\000e\000s\000s\000\040\000P\000r\000o\000o\000f\000s}{}% 46
\BOOKMARK [1][-]{appendix.H}{\376\377\000E\000x\000p\000e\000r\000i\000m\000e\000n\000t\000a\000l\000\040\000D\000e\000t\000a\000i\000l\000s\000\040\000a\000n\000d\000\040\000R\000e\000p\000r\000o\000d\000u\000c\000i\000b\000i\000l\000i\000t\000y}{}% 47
