\BOOKMARK [1][-]{section.1}{\376\377\000I\000n\000t\000r\000o\000d\000u\000c\000t\000i\000o\000n}{}% 1
\BOOKMARK [1][-]{section.2}{\376\377\000V\000o\000t\000i\000n\000g\000\040\000S\000y\000s\000t\000e\000m\000s}{}% 2
\BOOKMARK [2][-]{subsection.2.1}{\376\377\000M\000e\000t\000h\000o\000d\000s}{section.2}% 3
\BOOKMARK [2][-]{subsection.2.2}{\376\377\000C\000o\000n\000d\000o\000r\000c\000e\000t\000\040\000E\000f\000f\000i\000c\000i\000e\000n\000c\000y}{section.2}% 4
\BOOKMARK [2][-]{subsection.2.3}{\376\377\000M\000a\000n\000i\000p\000u\000l\000a\000t\000i\000o\000n\000\040\000R\000e\000s\000i\000s\000t\000a\000n\000c\000e}{section.2}% 5
\BOOKMARK [2][-]{subsection.2.4}{\376\377\000I\000n\000t\000e\000r\000-\000M\000e\000t\000h\000o\000d\000\040\000A\000g\000r\000e\000e\000m\000e\000n\000t}{section.2}% 6
\BOOKMARK [1][-]{section.3}{\376\377\000F\000a\000i\000r\000\040\000D\000i\000v\000i\000s\000i\000o\000n}{}% 7
\BOOKMARK [2][-]{subsection.3.1}{\376\377\000M\000e\000t\000h\000o\000d\000s}{section.3}% 8
\BOOKMARK [2][-]{subsection.3.2}{\376\377\000R\000e\000s\000u\000l\000t\000s}{section.3}% 9
\BOOKMARK [2][-]{subsection.3.3}{\376\377\000W\000e\000l\000f\000a\000r\000e\040\023\000F\000a\000i\000r\000n\000e\000s\000s\000\040\000T\000r\000a\000d\000e\000-\000o\000f\000f}{section.3}% 10
\BOOKMARK [1][-]{section.4}{\376\377\000M\000a\000t\000c\000h\000i\000n\000g\000\040\000M\000a\000r\000k\000e\000t\000s}{}% 11
\BOOKMARK [2][-]{subsection.4.1}{\376\377\000S\000e\000t\000u\000p}{section.4}% 12
\BOOKMARK [2][-]{subsection.4.2}{\376\377\000R\000e\000s\000u\000l\000t\000s}{section.4}% 13
\BOOKMARK [1][-]{section.5}{\376\377\000P\000r\000e\000d\000i\000c\000t\000i\000o\000n\000\040\000M\000a\000r\000k\000e\000t\000s}{}% 14
\BOOKMARK [2][-]{subsection.5.1}{\376\377\000S\000e\000t\000u\000p}{section.5}% 15
\BOOKMARK [2][-]{subsection.5.2}{\376\377\000R\000e\000s\000u\000l\000t\000s}{section.5}% 16
\BOOKMARK [1][-]{section.6}{\376\377\000A\000u\000c\000t\000i\000o\000n\000s}{}% 17
\BOOKMARK [2][-]{subsection.6.1}{\376\377\000A\000u\000c\000t\000i\000o\000n\000\040\000F\000o\000r\000m\000a\000t\000s}{section.6}% 18
\BOOKMARK [2][-]{subsection.6.2}{\376\377\000R\000e\000s\000u\000l\000t\000s}{section.6}% 19
\BOOKMARK [1][-]{section.7}{\376\377\000R\000e\000l\000a\000t\000e\000d\000\040\000W\000o\000r\000k}{}% 20
\BOOKMARK [1][-]{section.8}{\376\377\000D\000i\000s\000c\000u\000s\000s\000i\000o\000n}{}% 21
\BOOKMARK [1][-]{section.9}{\376\377\000C\000o\000n\000c\000l\000u\000s\000i\000o\000n}{}% 22
\BOOKMARK [1][-]{appendix.A}{\376\377\000A\000l\000g\000o\000r\000i\000t\000h\000m\000\040\000P\000s\000e\000u\000d\000o\000c\000o\000d\000e}{}% 23
\BOOKMARK [2][-]{subsection.A.1}{\376\377\000V\000C\000G\000\040\000M\000e\000c\000h\000a\000n\000i\000s\000m}{appendix.A}% 24
\BOOKMARK [2][-]{subsection.A.2}{\376\377\000G\000a\000l\000e\040\023\000S\000h\000a\000p\000l\000e\000y\000\040\000D\000e\000f\000e\000r\000r\000e\000d\000\040\000A\000c\000c\000e\000p\000t\000a\000n\000c\000e}{appendix.A}% 25
\BOOKMARK [2][-]{subsection.A.3}{\376\377\000S\000c\000h\000u\000l\000z\000e\000\040\000M\000e\000t\000h\000o\000d}{appendix.A}% 26
\BOOKMARK [2][-]{subsection.A.4}{\376\377\000L\000M\000S\000R\000\040\000M\000a\000r\000k\000e\000t\000\040\000M\000a\000k\000e\000r}{appendix.A}% 27
\BOOKMARK [2][-]{subsection.A.5}{\376\377\000C\000M\000A\000-\000E\000S\000\040\000f\000o\000r\000\040\000M\000e\000c\000h\000a\000n\000i\000s\000m\000\040\000O\000p\000t\000i\000m\000i\000z\000a\000t\000i\000o\000n}{appendix.A}% 28
\BOOKMARK [2][-]{subsection.A.6}{\376\377\000R\000e\000p\000l\000i\000c\000a\000t\000o\000r\000\040\000D\000y\000n\000a\000m\000i\000c\000s}{appendix.A}% 29
\BOOKMARK [2][-]{subsection.A.7}{\376\377\000B\000r\000a\000d\000l\000e\000y\040\023\000T\000e\000r\000r\000y\000\040\000M\000o\000d\000e\000l}{appendix.A}% 30
\BOOKMARK [2][-]{subsection.A.8}{\376\377\000E\000F\0001\000\040\000v\000i\000a\000\040\000E\000n\000v\000y\000-\000C\000y\000c\000l\000e\000\040\000E\000l\000i\000m\000i\000n\000a\000t\000i\000o\000n}{appendix.A}% 31
\BOOKMARK [2][-]{subsection.A.9}{\376\377\000M\000M\000S\000\040\000C\000o\000m\000p\000u\000t\000a\000t\000i\000o\000n}{appendix.A}% 32
\BOOKMARK [1][-]{appendix.B}{\376\377\000P\000r\000o\000o\000f\000s}{}% 33
\BOOKMARK [2][-]{subsection.B.1}{\376\377\000S\000t\000r\000a\000t\000e\000g\000y\000-\000P\000r\000o\000o\000f\000n\000e\000s\000s\000\040\000o\000f\000\040\000V\000C\000G}{appendix.B}% 34
\BOOKMARK [2][-]{subsection.B.2}{\376\377\000S\000t\000a\000b\000i\000l\000i\000t\000y\000\040\000o\000f\000\040\000G\000a\000l\000e\040\023\000S\000h\000a\000p\000l\000e\000y}{appendix.B}% 35
\BOOKMARK [2][-]{subsection.B.3}{\376\377\000P\000r\000o\000p\000e\000r\000n\000e\000s\000s\000\040\000o\000f\000\040\000S\000c\000o\000r\000i\000n\000g\000\040\000R\000u\000l\000e\000s}{appendix.B}% 36
\BOOKMARK [2][-]{subsection.B.4}{\376\377\000E\000F\0001\000\040\000G\000u\000a\000r\000a\000n\000t\000e\000e\000\040\000o\000f\000\040\000E\000n\000v\000y\000-\000C\000y\000c\000l\000e\000\040\000E\000l\000i\000m\000i\000n\000a\000t\000i\000o\000n}{appendix.B}% 37
\BOOKMARK [2][-]{subsection.B.5}{\376\377\000R\000e\000v\000e\000n\000u\000e\000\040\000E\000q\000u\000i\000v\000a\000l\000e\000n\000c\000e}{appendix.B}% 38
\BOOKMARK [1][-]{appendix.C}{\376\377\000E\000x\000t\000e\000n\000d\000e\000d\000\040\000T\000a\000b\000l\000e\000s}{}% 39
\BOOKMARK [2][-]{subsection.C.1}{\376\377\000V\000o\000t\000i\000n\000g\000\040\000M\000e\000t\000h\000o\000d\000\040\000A\000g\000r\000e\000e\000m\000e\000n\000t\000\040\000M\000a\000t\000r\000i\000x}{appendix.C}% 40
\BOOKMARK [2][-]{subsection.C.2}{\376\377\000F\000a\000i\000r\000\040\000D\000i\000v\000i\000s\000i\000o\000n\000\040\000E\000x\000t\000e\000n\000d\000e\000d\000\040\000R\000e\000s\000u\000l\000t\000s}{appendix.C}% 41
\BOOKMARK [2][-]{subsection.C.3}{\376\377\000P\000r\000e\000d\000i\000c\000t\000i\000o\000n\000\040\000M\000a\000r\000k\000e\000t\000\040\000C\000o\000n\000v\000e\000r\000g\000e\000n\000c\000e}{appendix.C}% 42
\BOOKMARK [2][-]{subsection.C.4}{\376\377\000A\000u\000c\000t\000i\000o\000n\000\040\000R\000e\000v\000e\000n\000u\000e\000\040\000C\000o\000m\000p\000a\000r\000i\000s\000o\000n}{appendix.C}% 43
\BOOKMARK [2][-]{subsection.C.5}{\376\377\000V\000C\000G\000\040\000M\000e\000c\000h\000a\000n\000i\000s\000m\000\040\000P\000r\000o\000p\000e\000r\000t\000i\000e\000s}{appendix.C}% 44
\BOOKMARK [2][-]{subsection.C.6}{\376\377\000E\000v\000o\000l\000u\000t\000i\000o\000n\000a\000r\000y\000\040\000G\000a\000m\000e\000\040\000T\000h\000e\000o\000r\000y\000\040\000R\000e\000s\000u\000l\000t\000s}{appendix.C}% 45
\BOOKMARK [2][-]{subsection.C.7}{\376\377\000C\000o\000o\000p\000e\000r\000a\000t\000i\000v\000e\000\040\000G\000a\000m\000e\000\040\000T\000h\000e\000o\000r\000y\000\040\000R\000e\000s\000u\000l\000t\000s}{appendix.C}% 46
\BOOKMARK [1][-]{appendix.D}{\376\377\000A\000P\000I\000\040\000R\000e\000f\000e\000r\000e\000n\000c\000e}{}% 47
\BOOKMARK [2][-]{subsection.D.1}{\376\377\000V\000o\000t\000i\000n\000g\000\040\000S\000y\000s\000t\000e\000m\000s\000\040\000\050\000v\000o\000t\000i\000n\000g\000\137\000s\000y\000s\000t\000e\000m\000s\000\051}{appendix.D}% 48
\BOOKMARK [2][-]{subsection.D.2}{\376\377\000F\000a\000i\000r\000\040\000D\000i\000v\000i\000s\000i\000o\000n\000\040\000\050\000f\000a\000i\000r\000\137\000d\000i\000v\000i\000s\000i\000o\000n\000\051}{appendix.D}% 49
\BOOKMARK [2][-]{subsection.D.3}{\376\377\000M\000a\000t\000c\000h\000i\000n\000g\000\040\000M\000a\000r\000k\000e\000t\000s\000\040\000\050\000m\000a\000t\000c\000h\000i\000n\000g\000\137\000m\000a\000r\000k\000e\000t\000s\000\051}{appendix.D}% 50
\BOOKMARK [2][-]{subsection.D.4}{\376\377\000I\000n\000f\000o\000r\000m\000a\000t\000i\000o\000n\000\040\000E\000l\000i\000c\000i\000t\000a\000t\000i\000o\000n\000\040\000\050\000i\000n\000f\000o\000r\000m\000a\000t\000i\000o\000n\000\137\000e\000l\000i\000c\000i\000t\000a\000t\000i\000o\000n\000\051}{appendix.D}% 51
\BOOKMARK [2][-]{subsection.D.5}{\376\377\000M\000e\000c\000h\000a\000n\000i\000s\000m\000\040\000C\000o\000r\000e\000\040\000\050\000m\000e\000c\000h\000a\000n\000i\000s\000m\000\137\000c\000o\000r\000e\000\051}{appendix.D}% 52
\BOOKMARK [2][-]{subsection.D.6}{\376\377\000S\000o\000c\000i\000a\000l\000\040\000C\000h\000o\000i\000c\000e\000\040\000A\000n\000a\000l\000y\000s\000i\000s\000\040\000\050\000s\000o\000c\000i\000a\000l\000\137\000c\000h\000o\000i\000c\000e\000\137\000a\000n\000a\000l\000y\000s\000i\000s\000\051}{appendix.D}% 53
\BOOKMARK [2][-]{subsection.D.7}{\376\377\000P\000o\000p\000u\000l\000a\000t\000i\000o\000n\000\040\000G\000a\000m\000e\000s\000\040\000\050\000p\000o\000p\000u\000l\000a\000t\000i\000o\000n\000\137\000g\000a\000m\000e\000s\000\051}{appendix.D}% 54
\BOOKMARK [2][-]{subsection.D.8}{\376\377\000E\000x\000t\000e\000n\000d\000e\000d\000\040\000M\000o\000d\000u\000l\000e\000s}{appendix.D}% 55
\BOOKMARK [1][-]{appendix.E}{\376\377\000A\000d\000d\000i\000t\000i\000o\000n\000a\000l\000\040\000T\000h\000e\000o\000r\000e\000t\000i\000c\000a\000l\000\040\000B\000a\000c\000k\000g\000r\000o\000u\000n\000d}{}% 56
\BOOKMARK [2][-]{subsection.E.1}{\376\377\000A\000r\000r\000o\000w\000'\000s\000\040\000I\000m\000p\000o\000s\000s\000i\000b\000i\000l\000i\000t\000y\000\040\000T\000h\000e\000o\000r\000e\000m}{appendix.E}% 57
\BOOKMARK [2][-]{subsection.E.2}{\376\377\000G\000i\000b\000b\000a\000r\000d\040\023\000S\000a\000t\000t\000e\000r\000t\000h\000w\000a\000i\000t\000e\000\040\000T\000h\000e\000o\000r\000e\000m}{appendix.E}% 58
\BOOKMARK [2][-]{subsection.E.3}{\376\377\000T\000h\000e\000\040\000M\000y\000e\000r\000s\000o\000n\040\023\000S\000a\000t\000t\000e\000r\000t\000h\000w\000a\000i\000t\000e\000\040\000T\000h\000e\000o\000r\000e\000m}{appendix.E}% 59
\BOOKMARK [2][-]{subsection.E.4}{\376\377\000F\000o\000l\000k\000\040\000T\000h\000e\000o\000r\000e\000m\000\040\000f\000o\000r\000\040\000R\000e\000p\000e\000a\000t\000e\000d\000\040\000G\000a\000m\000e\000s}{appendix.E}% 60
\BOOKMARK [2][-]{subsection.E.5}{\376\377\000W\000e\000l\000f\000a\000r\000e\000\040\000T\000h\000e\000o\000r\000e\000m\000s\000\040\000a\000n\000d\000\040\000M\000e\000c\000h\000a\000n\000i\000s\000m\000\040\000D\000e\000s\000i\000g\000n}{appendix.E}% 61
\BOOKMARK [2][-]{subsection.E.6}{\376\377\000I\000n\000f\000o\000r\000m\000a\000t\000i\000o\000n\000-\000T\000h\000e\000o\000r\000e\000t\000i\000c\000\040\000B\000o\000u\000n\000d\000s}{appendix.E}% 62
\BOOKMARK [1][-]{appendix.F}{\376\377\000E\000x\000p\000e\000r\000i\000m\000e\000n\000t\000a\000l\000\040\000M\000e\000t\000h\000o\000d\000o\000l\000o\000g\000y}{}% 63
\BOOKMARK [2][-]{subsection.F.1}{\376\377\000R\000a\000n\000d\000o\000m\000\040\000P\000r\000o\000f\000i\000l\000e\000\040\000G\000e\000n\000e\000r\000a\000t\000i\000o\000n}{appendix.F}% 64
\BOOKMARK [2][-]{subsection.F.2}{\376\377\000C\000o\000m\000p\000u\000t\000a\000t\000i\000o\000n\000a\000l\000\040\000R\000e\000s\000o\000u\000r\000c\000e\000s}{appendix.F}% 65
\BOOKMARK [2][-]{subsection.F.3}{\376\377\000S\000t\000a\000t\000i\000s\000t\000i\000c\000a\000l\000\040\000S\000i\000g\000n\000i\000f\000i\000c\000a\000n\000c\000e}{appendix.F}% 66
\BOOKMARK [2][-]{subsection.F.4}{\376\377\000R\000e\000p\000r\000o\000d\000u\000c\000i\000b\000i\000l\000i\000t\000y}{appendix.F}% 67
\BOOKMARK [1][-]{appendix.G}{\376\377\000A\000d\000d\000i\000t\000i\000o\000n\000a\000l\000\040\000B\000e\000n\000c\000h\000m\000a\000r\000k\000\040\000R\000e\000s\000u\000l\000t\000s}{}% 68
\BOOKMARK [2][-]{subsection.G.1}{\376\377\000C\000o\000n\000t\000r\000a\000c\000t\000\040\000T\000h\000e\000o\000r\000y\000\040\000M\000o\000d\000u\000l\000e}{appendix.G}% 69
\BOOKMARK [2][-]{subsection.G.2}{\376\377\000N\000e\000t\000w\000o\000r\000k\000\040\000G\000a\000m\000e\000s\000\040\000M\000o\000d\000u\000l\000e}{appendix.G}% 70
\BOOKMARK [2][-]{subsection.G.3}{\376\377\000I\000n\000f\000o\000r\000m\000a\000t\000i\000o\000n\000\040\000D\000e\000s\000i\000g\000n\000\040\000M\000o\000d\000u\000l\000e}{appendix.G}% 71
\BOOKMARK [2][-]{subsection.G.4}{\376\377\000M\000e\000c\000h\000a\000n\000i\000s\000m\000\040\000V\000e\000r\000i\000f\000i\000c\000a\000t\000i\000o\000n\000\040\000M\000o\000d\000u\000l\000e}{appendix.G}% 72
\BOOKMARK [2][-]{subsection.G.5}{\376\377\000A\000u\000c\000t\000i\000o\000n\000\040\000A\000n\000a\000l\000y\000t\000i\000c\000s\000\040\000M\000o\000d\000u\000l\000e}{appendix.G}% 73
\BOOKMARK [2][-]{subsection.G.6}{\376\377\000S\000c\000o\000r\000i\000n\000g\000\040\000R\000u\000l\000e\000s\000\040\000V\000e\000r\000i\000f\000i\000c\000a\000t\000i\000o\000n}{appendix.G}% 74
\BOOKMARK [2][-]{subsection.G.7}{\376\377\000M\000a\000r\000k\000e\000t\000\040\000D\000e\000s\000i\000g\000n\000\040\000M\000o\000d\000u\000l\000e}{appendix.G}% 75
\BOOKMARK [2][-]{subsection.G.8}{\376\377\000C\000o\000l\000l\000e\000c\000t\000i\000v\000e\000\040\000D\000e\000c\000i\000s\000i\000o\000n\000\040\000M\000o\000d\000u\000l\000e}{appendix.G}% 76
