\BOOKMARK [1][-]{section.1}{Introduction}{}% 1
\BOOKMARK [1][-]{section.2}{Problem\040Formulation}{}% 2
\BOOKMARK [1][-]{section.3}{Equilibrium\040Certification\040via\040Krawczyk\040Operator}{}% 3
\BOOKMARK [1][-]{section.4}{Stability\040Classification}{}% 4
\BOOKMARK [1][-]{section.5}{Newton-Guided\040Search\040for\040Higher-Dimensional\040Models}{}% 5
\BOOKMARK [1][-]{section.6}{Tiered\040Verification\040Architecture}{}% 6
\BOOKMARK [1][-]{section.7}{-Soundness\040Bound}{}% 7
\BOOKMARK [1][-]{section.8}{Formal\040Regime\040Inference\040Rules}{}% 8
\BOOKMARK [1][-]{section.9}{Certificate\040Composition}{}% 9
\BOOKMARK [1][-]{section.10}{GP-Guided\040Adaptive\040Refinement}{}% 10
\BOOKMARK [1][-]{section.11}{Anisotropic\040Refinement}{}% 11
\BOOKMARK [1][-]{section.12}{Adaptive\040Refinement\040Convergence}{}% 12
\BOOKMARK [1][-]{section.13}{Minimal\040Independent\040Checker\040\(MiniCheck\)}{}% 13
\BOOKMARK [1][-]{section.14}{Evaluation}{}% 14
\BOOKMARK [2][-]{subsection.14.1}{Benchmark\040Models}{section.14}% 15
\BOOKMARK [2][-]{subsection.14.2}{Quantitative\040Metrics}{section.14}% 16
\BOOKMARK [2][-]{subsection.14.3}{Newton-Guided\040vs.\040Bisection\040Search}{section.14}% 17
\BOOKMARK [2][-]{subsection.14.4}{Limitations}{section.14}% 18
\BOOKMARK [1][-]{section.15}{Code\040Structure}{}% 19
\BOOKMARK [1][-]{section.16}{Related\040Work}{}% 20
\BOOKMARK [1][-]{section.17}{Conclusion}{}% 21
\BOOKMARK [1][-]{appendix.A}{Krawczyk\040Operator:\040Detailed\040Derivation}{}% 22
\BOOKMARK [1][-]{appendix.B}{-Soundness\040Bound:\040Detailed\040Derivation}{}% 23
\BOOKMARK [2][-]{subsection.B.1}{Quantitative\040Implicit\040Function\040Theorem}{appendix.B}% 24
\BOOKMARK [2][-]{subsection.B.2}{Bauer-Fike\040Eigenvalue\040Perturbation}{appendix.B}% 25
\BOOKMARK [2][-]{subsection.B.3}{Combined\040Bound}{appendix.B}% 26
\BOOKMARK [1][-]{appendix.C}{Certificate\040Composition:\040Formal\040Statement}{}% 27
\BOOKMARK [1][-]{appendix.D}{Benchmark\040Model\040Definitions}{}% 28
\BOOKMARK [2][-]{subsection.D.1}{Toggle\040Switch\040gardner2000toggle}{appendix.D}% 29
\BOOKMARK [2][-]{subsection.D.2}{Brusselator}{appendix.D}% 30
\BOOKMARK [2][-]{subsection.D.3}{Sel'kov\040Glycolysis}{appendix.D}% 31
\BOOKMARK [2][-]{subsection.D.4}{Repressilator\040elowitz2000repressilator}{appendix.D}% 32
\BOOKMARK [2][-]{subsection.D.5}{Goodwin\040Oscillator\040goodwin1965oscillatory}{appendix.D}% 33
\BOOKMARK [1][-]{appendix.E}{MiniCheck\040Design}{}% 34
\BOOKMARK [1][-]{appendix.F}{Convergence\040Rate\040Analysis}{}% 35
