\BOOKMARK [1][-]{section.1}{\376\377\000I\000n\000t\000r\000o\000d\000u\000c\000t\000i\000o\000n}{}% 1
\BOOKMARK [1][-]{section.2}{\376\377\000B\000a\000c\000k\000g\000r\000o\000u\000n\000d}{}% 2
\BOOKMARK [2][-]{subsection.2.1}{\376\377\000C\000h\000e\000m\000i\000c\000a\000l\000\040\000M\000a\000s\000t\000e\000r\000\040\000E\000q\000u\000a\000t\000i\000o\000n}{section.2}% 3
\BOOKMARK [2][-]{subsection.2.2}{\376\377\000T\000e\000n\000s\000o\000r\000\040\000T\000r\000a\000i\000n\000s\000\040\000a\000n\000d\000\040\000M\000a\000t\000r\000i\000x\000\040\000P\000r\000o\000d\000u\000c\000t\000\040\000S\000t\000a\000t\000e\000s}{section.2}% 4
\BOOKMARK [2][-]{subsection.2.3}{\376\377\000C\000o\000n\000t\000i\000n\000u\000o\000u\000s\000\040\000S\000t\000o\000c\000h\000a\000s\000t\000i\000c\000\040\000L\000o\000g\000i\000c}{section.2}% 5
\BOOKMARK [1][-]{section.3}{\376\377\000S\000y\000s\000t\000e\000m\000\040\000A\000r\000c\000h\000i\000t\000e\000c\000t\000u\000r\000e}{}% 6
\BOOKMARK [1][-]{section.4}{\376\377\000T\000h\000e\000o\000r\000e\000t\000i\000c\000a\000l\000\040\000F\000o\000u\000n\000d\000a\000t\000i\000o\000n\000s}{}% 7
\BOOKMARK [1][-]{section.5}{\376\377\000A\000l\000g\000o\000r\000i\000t\000h\000m\000s}{}% 8
\BOOKMARK [2][-]{subsection.5.1}{\376\377\000C\000S\000L\000\040\000M\000o\000d\000e\000l\000\040\000C\000h\000e\000c\000k\000i\000n\000g\000\040\000o\000n\000\040\000M\000P\000S}{section.5}% 9
\BOOKMARK [2][-]{subsection.5.2}{\376\377\000N\000o\000n\000-\000n\000e\000g\000a\000t\000i\000v\000i\000t\000y\000-\000P\000r\000e\000s\000e\000r\000v\000i\000n\000g\000\040\000R\000o\000u\000n\000d\000i\000n\000g}{section.5}% 10
\BOOKMARK [2][-]{subsection.5.3}{\376\377\000S\000p\000e\000c\000t\000r\000a\000l\000-\000G\000a\000p\000-\000I\000n\000f\000o\000r\000m\000e\000d\000\040\000C\000o\000n\000v\000e\000r\000g\000e\000n\000c\000e}{section.5}% 11
\BOOKMARK [2][-]{subsection.5.4}{\376\377\000I\000n\000d\000e\000p\000e\000n\000d\000e\000n\000t\000\040\000C\000e\000r\000t\000i\000f\000i\000c\000a\000t\000e\000\040\000V\000e\000r\000i\000f\000i\000c\000a\000t\000i\000o\000n}{section.5}% 12
\BOOKMARK [1][-]{section.6}{\376\377\000E\000x\000p\000e\000r\000i\000m\000e\000n\000t\000a\000l\000\040\000E\000v\000a\000l\000u\000a\000t\000i\000o\000n}{}% 13
\BOOKMARK [2][-]{subsection.6.1}{\376\377\000S\000e\000t\000u\000p}{section.6}% 14
\BOOKMARK [2][-]{subsection.6.2}{\376\377\000B\000i\000r\000t\000h\000-\000D\000e\000a\000t\000h\000\040\000A\000c\000c\000u\000r\000a\000c\000y}{section.6}% 15
\BOOKMARK [2][-]{subsection.6.3}{\376\377\000C\000l\000a\000m\000p\000i\000n\000g\000\040\000B\000o\000u\000n\000d\000\040\000V\000e\000r\000i\000f\000i\000c\000a\000t\000i\000o\000n}{section.6}% 16
\BOOKMARK [2][-]{subsection.6.4}{\376\377\000T\000o\000g\000g\000l\000e\000\040\000S\000w\000i\000t\000c\000h\000\040\000C\000S\000L\000\040\000C\000h\000e\000c\000k\000i\000n\000g}{section.6}% 17
\BOOKMARK [2][-]{subsection.6.5}{\376\377\000C\000e\000r\000t\000i\000f\000i\000c\000a\000t\000e\000\040\000V\000e\000r\000i\000f\000i\000c\000a\000t\000i\000o\000n\000\040\000P\000i\000p\000e\000l\000i\000n\000e}{section.6}% 18
\BOOKMARK [2][-]{subsection.6.6}{\376\377\000N\000o\000n\000-\000n\000e\000g\000a\000t\000i\000v\000i\000t\000y\000\040\000R\000o\000u\000n\000d\000i\000n\000g}{section.6}% 19
\BOOKMARK [2][-]{subsection.6.7}{\376\377\000S\000p\000e\000c\000t\000r\000a\000l\000\040\000G\000a\000p\000\040\000E\000s\000t\000i\000m\000a\000t\000i\000o\000n}{section.6}% 20
\BOOKMARK [2][-]{subsection.6.8}{\376\377\000S\000c\000a\000l\000a\000b\000i\000l\000i\000t\000y\000\040\000D\000i\000s\000c\000u\000s\000s\000i\000o\000n}{section.6}% 21
\BOOKMARK [1][-]{section.7}{\376\377\000R\000e\000l\000a\000t\000e\000d\000\040\000W\000o\000r\000k}{}% 22
\BOOKMARK [1][-]{section.8}{\376\377\000C\000o\000n\000c\000l\000u\000s\000i\000o\000n}{}% 23
\BOOKMARK [1][-]{appendix.A}{\376\377\000P\000r\000o\000o\000f\000s}{}% 24
\BOOKMARK [2][-]{subsection.A.1}{\376\377\000P\000r\000o\000o\000f\000\040\000o\000f\000\040\000T\000h\000e\000o\000r\000e\000m\000\040\0001\000\040\000\050\000E\000r\000r\000o\000r\000\040\000C\000o\000n\000t\000r\000a\000c\000t\000i\000o\000n\000\051}{appendix.A}% 25
\BOOKMARK [2][-]{subsection.A.2}{\376\377\000P\000r\000o\000o\000f\000\040\000o\000f\000\040\000T\000h\000e\000o\000r\000e\000m\000\040\0003\000\040\000\050\000B\000o\000n\000d\000-\000D\000i\000m\000e\000n\000s\000i\000o\000n\000\040\000P\000r\000e\000s\000e\000r\000v\000a\000t\000i\000o\000n\000\051}{appendix.A}% 26
\BOOKMARK [2][-]{subsection.A.3}{\376\377\000P\000r\000o\000o\000f\000\040\000o\000f\000\040\000P\000r\000o\000p\000o\000s\000i\000t\000i\000o\000n\000\040\0004\000\040\000\050\000C\000l\000a\000m\000p\000i\000n\000g\000\040\000E\000r\000r\000o\000r\000\040\000B\000o\000u\000n\000d\000\051}{appendix.A}% 27
\BOOKMARK [2][-]{subsection.A.4}{\376\377\000P\000r\000o\000o\000f\000\040\000o\000f\000\040\000T\000h\000e\000o\000r\000e\000m\000\040\0005\000\040\000\050\000C\000o\000m\000p\000l\000e\000x\000i\000t\000y\000\040\000S\000e\000p\000a\000r\000a\000t\000i\000o\000n\000\051}{appendix.A}% 28
\BOOKMARK [1][-]{appendix.B}{\376\377\000I\000m\000p\000l\000e\000m\000e\000n\000t\000a\000t\000i\000o\000n\000\040\000D\000e\000t\000a\000i\000l\000s}{}% 29
\BOOKMARK [2][-]{subsection.B.1}{\376\377\000S\000o\000f\000t\000w\000a\000r\000e\000\040\000A\000r\000c\000h\000i\000t\000e\000c\000t\000u\000r\000e}{appendix.B}% 30
\BOOKMARK [2][-]{subsection.B.2}{\376\377\000M\000P\000S\000\040\000O\000p\000e\000r\000a\000t\000i\000o\000n\000s}{appendix.B}% 31
\BOOKMARK [2][-]{subsection.B.3}{\376\377\000N\000u\000m\000e\000r\000i\000c\000a\000l\000\040\000C\000o\000n\000s\000i\000d\000e\000r\000a\000t\000i\000o\000n\000s}{appendix.B}% 32
\BOOKMARK [1][-]{appendix.C}{\376\377\000F\000u\000l\000l\000\040\000E\000x\000p\000e\000r\000i\000m\000e\000n\000t\000a\000l\000\040\000D\000a\000t\000a}{}% 33
\BOOKMARK [2][-]{subsection.C.1}{\376\377\000B\000i\000r\000t\000h\000-\000D\000e\000a\000t\000h\000\040\000P\000r\000o\000c\000e\000s\000s\000\040\000D\000e\000t\000a\000i\000l\000s}{appendix.C}% 34
\BOOKMARK [2][-]{subsection.C.2}{\376\377\000C\000l\000a\000m\000p\000i\000n\000g\000\040\000B\000o\000u\000n\000d\000\040\000V\000e\000r\000i\000f\000i\000c\000a\000t\000i\000o\000n\000\040\000D\000e\000t\000a\000i\000l\000s}{appendix.C}% 35
\BOOKMARK [2][-]{subsection.C.3}{\376\377\000T\000o\000g\000g\000l\000e\000\040\000S\000w\000i\000t\000c\000h\000\040\000M\000o\000d\000e\000l\000\040\000D\000e\000t\000a\000i\000l\000s}{appendix.C}% 36
\BOOKMARK [2][-]{subsection.C.4}{\376\377\000C\000e\000r\000t\000i\000f\000i\000c\000a\000t\000e\000\040\000V\000e\000r\000i\000f\000i\000c\000a\000t\000i\000o\000n\000\040\000D\000e\000t\000a\000i\000l\000s}{appendix.C}% 37
\BOOKMARK [2][-]{subsection.C.5}{\376\377\000S\000p\000e\000c\000t\000r\000a\000l\000\040\000G\000a\000p\000\040\000E\000s\000t\000i\000m\000a\000t\000i\000o\000n\000\040\000D\000e\000t\000a\000i\000l\000s}{appendix.C}% 38
