\BOOKMARK [1][-]{section.1}{\376\377\000I\000n\000t\000r\000o\000d\000u\000c\000t\000i\000o\000n}{}% 1
\BOOKMARK [1][-]{section.2}{\376\377\000B\000a\000c\000k\000g\000r\000o\000u\000n\000d\000\040\000a\000n\000d\000\040\000R\000e\000l\000a\000t\000e\000d\000\040\000W\000o\000r\000k}{}% 2
\BOOKMARK [1][-]{section.3}{\376\377\000T\000h\000e\000\040\000D\000i\000v\000F\000l\000o\000w\000\040\000F\000r\000a\000m\000e\000w\000o\000r\000k}{}% 3
\BOOKMARK [2][-]{subsection.3.1}{\376\377\000P\000r\000o\000b\000l\000e\000m\000\040\000F\000o\000r\000m\000u\000l\000a\000t\000i\000o\000n}{section.3}% 4
\BOOKMARK [2][-]{subsection.3.2}{\376\377\000S\000i\000n\000k\000h\000o\000r\000n\000\040\000D\000i\000v\000e\000r\000g\000e\000n\000c\000e\000\040\000a\000s\000\040\000D\000i\000v\000e\000r\000s\000i\000t\000y\000\040\000O\000b\000j\000e\000c\000t\000i\000v\000e}{section.3}% 5
\BOOKMARK [2][-]{subsection.3.3}{\376\377\000A\000d\000a\000p\000t\000i\000v\000e\000\040\000K\000e\000r\000n\000e\000l\000\040\000L\000e\000a\000r\000n\000i\000n\000g}{section.3}% 6
\BOOKMARK [2][-]{subsection.3.4}{\376\377\000T\000h\000e\000\040\000D\000i\000v\000F\000l\000o\000w\000\040\000S\000e\000l\000e\000c\000t\000i\000o\000n\000\040\000P\000i\000p\000e\000l\000i\000n\000e}{section.3}% 7
\BOOKMARK [1][-]{section.4}{\376\377\000E\000n\000e\000r\000g\000y\000-\000A\000u\000g\000m\000e\000n\000t\000e\000d\000\040\000S\000c\000o\000r\000i\000n\000g\000\040\000R\000u\000l\000e\000s\000\040\000a\000n\000d\000\040\000I\000n\000c\000e\000n\000t\000i\000v\000e\000\040\000C\000o\000m\000p\000a\000t\000i\000b\000i\000l\000i\000t\000y}{}% 8
\BOOKMARK [1][-]{section.5}{\376\377\000C\000o\000v\000e\000r\000a\000g\000e\000\040\000C\000e\000r\000t\000i\000f\000i\000c\000a\000t\000e\000s}{}% 9
\BOOKMARK [1][-]{section.6}{\376\377\000E\000x\000p\000e\000r\000i\000m\000e\000n\000t\000s}{}% 10
\BOOKMARK [2][-]{subsection.6.1}{\376\377\000S\000e\000l\000e\000c\000t\000i\000o\000n\000\040\000M\000e\000t\000h\000o\000d\000\040\000C\000o\000m\000p\000a\000r\000i\000s\000o\000n}{section.6}% 11
\BOOKMARK [2][-]{subsection.6.2}{\376\377\000A\000b\000l\000a\000t\000i\000o\000n\000\040\000S\000t\000u\000d\000y}{section.6}% 12
\BOOKMARK [2][-]{subsection.6.3}{\376\377\000M\000e\000c\000h\000a\000n\000i\000s\000m\000\040\000C\000o\000m\000p\000a\000r\000i\000s\000o\000n\000\040\000A\000c\000r\000o\000s\000s\000\040\000S\000c\000e\000n\000a\000r\000i\000o\000s}{section.6}% 13
\BOOKMARK [2][-]{subsection.6.4}{\376\377\000S\000c\000a\000l\000a\000b\000i\000l\000i\000t\000y\000\040\000A\000n\000a\000l\000y\000s\000i\000s}{section.6}% 14
\BOOKMARK [2][-]{subsection.6.5}{\376\377\000C\000o\000v\000e\000r\000a\000g\000e\000\040\000C\000e\000r\000t\000i\000f\000i\000c\000a\000t\000e\000\040\000R\000o\000b\000u\000s\000t\000n\000e\000s\000s}{section.6}% 15
\BOOKMARK [2][-]{subsection.6.6}{\376\377\000K\000e\000r\000n\000e\000l\000\040\000O\000v\000e\000r\000f\000i\000t\000t\000i\000n\000g\000\040\000A\000n\000a\000l\000y\000s\000i\000s}{section.6}% 16
\BOOKMARK [2][-]{subsection.6.7}{\376\377\000S\000c\000o\000r\000i\000n\000g\000\040\000R\000u\000l\000e\000\040\000P\000r\000o\000p\000e\000r\000n\000e\000s\000s}{section.6}% 17
\BOOKMARK [2][-]{subsection.6.8}{\376\377\000Q\000u\000a\000l\000i\000t\000y\000-\000D\000i\000v\000e\000r\000s\000i\000t\000y\000\040\000P\000a\000r\000e\000t\000o\000\040\000F\000r\000o\000n\000t\000i\000e\000r}{section.6}% 18
\BOOKMARK [2][-]{subsection.6.9}{\376\377\000S\000i\000n\000k\000h\000o\000r\000n\000\040\000E\000p\000s\000i\000l\000o\000n\000\040\000S\000e\000n\000s\000i\000t\000i\000v\000i\000t\000y}{section.6}% 19
\BOOKMARK [2][-]{subsection.6.10}{\376\377\000D\000i\000v\000e\000r\000s\000i\000t\000y\000\040\000O\000b\000j\000e\000c\000t\000i\000v\000e\000\040\000C\000o\000m\000p\000a\000r\000i\000s\000o\000n}{section.6}% 20
\BOOKMARK [2][-]{subsection.6.11}{\376\377\000C\000o\000n\000v\000e\000r\000g\000e\000n\000c\000e\000\040\000R\000a\000t\000e\000\040\000A\000n\000a\000l\000y\000s\000i\000s}{section.6}% 21
\BOOKMARK [2][-]{subsection.6.12}{\376\377\000D\000i\000m\000e\000n\000s\000i\000o\000n\000a\000l\000\040\000S\000c\000a\000l\000i\000n\000g}{section.6}% 22
\BOOKMARK [1][-]{section.7}{\376\377\000D\000i\000s\000c\000u\000s\000s\000i\000o\000n}{}% 23
\BOOKMARK [1][-]{section.8}{\376\377\000C\000o\000n\000c\000l\000u\000s\000i\000o\000n}{}% 24
\BOOKMARK [1][-]{appendix.A}{\376\377\000F\000u\000l\000l\000\040\000P\000r\000o\000o\000f\000s}{}% 25
\BOOKMARK [2][-]{subsection.A.1}{\376\377\000P\000r\000o\000o\000f\000\040\000o\000f\000\040\000T\000h\000e\000o\000r\000e\000m\000\040\0003\000\040\000\050\000I\000C\000\040\000P\000r\000e\000s\000e\000r\000v\000a\000t\000i\000o\000n\000\051}{appendix.A}% 26
\BOOKMARK [2][-]{subsection.A.2}{\376\377\000P\000r\000o\000o\000f\000\040\000o\000f\000\040\000T\000h\000e\000o\000r\000e\000m\000\040\0006\000\040\000\050\000C\000o\000v\000e\000r\000a\000g\000e\000\040\000C\000e\000r\000t\000i\000f\000i\000c\000a\000t\000e\000\051}{appendix.A}% 27
\BOOKMARK [2][-]{subsection.A.3}{\376\377\000P\000r\000o\000p\000e\000r\000t\000i\000e\000s\000\040\000o\000f\000\040\000S\000i\000n\000k\000h\000o\000r\000n\000\040\000D\000i\000v\000e\000r\000g\000e\000n\000c\000e}{appendix.A}% 28
\BOOKMARK [2][-]{subsection.A.4}{\376\377\000S\000u\000b\000m\000o\000d\000u\000l\000a\000r\000i\000t\000y\000\040\000o\000f\000\040\000L\000o\000g\000-\000D\000e\000t\000e\000r\000m\000i\000n\000a\000n\000t}{appendix.A}% 29
\BOOKMARK [1][-]{appendix.B}{\376\377\000E\000x\000p\000e\000r\000i\000m\000e\000n\000t\000a\000l\000\040\000D\000e\000t\000a\000i\000l\000s}{}% 30
\BOOKMARK [2][-]{subsection.B.1}{\376\377\000S\000y\000n\000t\000h\000e\000t\000i\000c\000\040\000D\000a\000t\000a\000\040\000G\000e\000n\000e\000r\000a\000t\000i\000o\000n}{appendix.B}% 31
\BOOKMARK [2][-]{subsection.B.2}{\376\377\000H\000y\000p\000e\000r\000p\000a\000r\000a\000m\000e\000t\000e\000r\000\040\000S\000e\000t\000t\000i\000n\000g\000s}{appendix.B}% 32
\BOOKMARK [2][-]{subsection.B.3}{\376\377\000D\000i\000v\000e\000r\000s\000i\000t\000y\000\040\000M\000e\000t\000r\000i\000c\000s}{appendix.B}% 33
\BOOKMARK [2][-]{subsection.B.4}{\376\377\000F\000u\000l\000l\000\040\000N\000u\000m\000e\000r\000i\000c\000a\000l\000\040\000R\000e\000s\000u\000l\000t\000s}{appendix.B}% 34
\BOOKMARK [3][-]{subsubsection.B.4.1}{\376\377\000E\000x\000p\000e\000r\000i\000m\000e\000n\000t\000\040\0001\000:\000\040\000S\000e\000l\000e\000c\000t\000i\000o\000n\000\040\000M\000e\000t\000h\000o\000d\000s}{subsection.B.4}% 35
\BOOKMARK [3][-]{subsubsection.B.4.2}{\376\377\000E\000x\000p\000e\000r\000i\000m\000e\000n\000t\000\040\0004\000:\000\040\000C\000o\000v\000e\000r\000a\000g\000e\000\040\000C\000e\000r\000t\000i\000f\000i\000c\000a\000t\000e\000s}{subsection.B.4}% 36
\BOOKMARK [3][-]{subsubsection.B.4.3}{\376\377\000E\000x\000p\000e\000r\000i\000m\000e\000n\000t\000\040\0006\000:\000\040\000S\000c\000o\000r\000i\000n\000g\000\040\000R\000u\000l\000e\000\040\000P\000r\000o\000p\000e\000r\000n\000e\000s\000s}{subsection.B.4}% 37
\BOOKMARK [1][-]{appendix.C}{\376\377\000I\000m\000p\000l\000e\000m\000e\000n\000t\000a\000t\000i\000o\000n\000\040\000D\000e\000t\000a\000i\000l\000s}{}% 38
