\BOOKMARK [1][-]{section.1}{\376\377\000I\000n\000t\000r\000o\000d\000u\000c\000t\000i\000o\000n}{}% 1
\BOOKMARK [1][-]{section.2}{\376\377\000R\000e\000g\000i\000m\000e\000-\000I\000n\000d\000e\000x\000e\000d\000\040\000S\000t\000r\000u\000c\000t\000u\000r\000a\000l\000\040\000C\000a\000u\000s\000a\000l\000\040\000M\000o\000d\000e\000l\000s}{}% 2
\BOOKMARK [2][-]{subsection.2.1}{\376\377\000F\000o\000r\000m\000a\000l\000\040\000D\000e\000f\000i\000n\000i\000t\000i\000o\000n}{section.2}% 3
\BOOKMARK [2][-]{subsection.2.2}{\376\377\000I\000d\000e\000n\000t\000i\000f\000i\000a\000b\000i\000l\000i\000t\000y}{section.2}% 4
\BOOKMARK [2][-]{subsection.2.3}{\376\377\000S\000t\000u\000d\000e\000n\000t\000-\000t\000\040\000E\000m\000i\000s\000s\000i\000o\000n\000\040\000M\000o\000d\000e\000l}{section.2}% 5
\BOOKMARK [2][-]{subsection.2.4}{\376\377\000C\000o\000u\000p\000l\000e\000d\000\040\000E\000M\000\040\000I\000n\000f\000e\000r\000e\000n\000c\000e}{section.2}% 6
\BOOKMARK [2][-]{subsection.2.5}{\376\377\000S\000e\000q\000u\000e\000n\000t\000i\000a\000l\000\040\000C\000a\000u\000s\000a\000l\000\040\000I\000n\000v\000a\000r\000i\000a\000n\000c\000e\000\040\000T\000e\000s\000t}{section.2}% 7
\BOOKMARK [1][-]{section.3}{\376\377\000P\000o\000s\000t\000e\000r\000i\000o\000r\000-\000P\000r\000e\000d\000i\000c\000t\000i\000v\000e\000\040\000S\000h\000i\000e\000l\000d\000\040\000S\000y\000n\000t\000h\000e\000s\000i\000s}{}% 8
\BOOKMARK [2][-]{subsection.3.1}{\376\377\000S\000h\000i\000e\000l\000d\000\040\000D\000e\000f\000i\000n\000i\000t\000i\000o\000n}{section.3}% 9
\BOOKMARK [2][-]{subsection.3.2}{\376\377\000P\000A\000C\000-\000B\000a\000y\000e\000s\000\040\000S\000o\000u\000n\000d\000n\000e\000s\000s}{section.3}% 10
\BOOKMARK [2][-]{subsection.3.3}{\376\377\000B\000o\000u\000n\000d\000e\000d\000\040\000L\000i\000v\000e\000n\000e\000s\000s\000\040\000S\000p\000e\000c\000i\000f\000i\000c\000a\000t\000i\000o\000n\000s}{section.3}% 11
\BOOKMARK [2][-]{subsection.3.4}{\376\377\000C\000o\000n\000v\000e\000x\000\040\000L\000T\000L\000\040\000F\000r\000a\000g\000m\000e\000n\000t}{section.3}% 12
\BOOKMARK [2][-]{subsection.3.5}{\376\377\000C\000o\000m\000p\000o\000s\000i\000t\000i\000o\000n\000\040\000T\000h\000e\000o\000r\000e\000m\000s}{section.3}% 13
\BOOKMARK [1][-]{section.4}{\376\377\000S\000t\000a\000t\000e\000\040\000A\000b\000s\000t\000r\000a\000c\000t\000i\000o\000n\000\040\000S\000o\000u\000n\000d\000n\000e\000s\000s}{}% 14
\BOOKMARK [1][-]{section.5}{\376\377\000E\000v\000a\000l\000u\000a\000t\000i\000o\000n}{}% 15
\BOOKMARK [2][-]{subsection.5.1}{\376\377\000E\000r\000r\000o\000r\000\040\000D\000e\000c\000o\000m\000p\000o\000s\000i\000t\000i\000o\000n}{section.5}% 16
\BOOKMARK [2][-]{subsection.5.2}{\376\377\000P\000A\000C\000-\000B\000a\000y\000e\000s\000\040\000V\000a\000c\000u\000i\000t\000y\000\040\000A\000n\000a\000l\000y\000s\000i\000s}{section.5}% 17
\BOOKMARK [2][-]{subsection.5.3}{\376\377\000B\000o\000u\000n\000d\000e\000d\000\040\000L\000i\000v\000e\000n\000e\000s\000s\000\040\000E\000v\000a\000l\000u\000a\000t\000i\000o\000n}{section.5}% 18
\BOOKMARK [2][-]{subsection.5.4}{\376\377\000S\000t\000u\000d\000e\000n\000t\000-\000t\000\040\000v\000s\000.\000\040\000G\000a\000u\000s\000s\000i\000a\000n\000\040\000E\000m\000i\000s\000s\000i\000o\000n\000s}{section.5}% 19
\BOOKMARK [2][-]{subsection.5.5}{\376\377\000M\000u\000l\000t\000i\000-\000I\000n\000s\000t\000r\000u\000m\000e\000n\000t\000\040\000E\000v\000a\000l\000u\000a\000t\000i\000o\000n}{section.5}% 20
\BOOKMARK [2][-]{subsection.5.6}{\376\377\000S\000e\000n\000s\000i\000t\000i\000v\000i\000t\000y\000\040\000A\000n\000a\000l\000y\000s\000i\000s}{section.5}% 21
\BOOKMARK [2][-]{subsection.5.7}{\376\377\000I\000n\000d\000e\000p\000e\000n\000d\000e\000n\000t\000\040\000V\000e\000r\000i\000f\000i\000c\000a\000t\000i\000o\000n}{section.5}% 22
\BOOKMARK [2][-]{subsection.5.8}{\376\377\000H\000S\000I\000C\000-\000L\000a\000s\000s\000o\000\040\000v\000s\000.\000\040\000L\000i\000n\000e\000a\000r\000\040\000L\000A\000S\000S\000O}{section.5}% 23
\BOOKMARK [1][-]{section.6}{\376\377\000R\000e\000l\000a\000t\000e\000d\000\040\000W\000o\000r\000k}{}% 24
\BOOKMARK [1][-]{section.7}{\376\377\000C\000o\000n\000c\000l\000u\000s\000i\000o\000n}{}% 25
\BOOKMARK [1][-]{appendix.A}{\376\377\000F\000o\000r\000m\000a\000l\000\040\000P\000r\000o\000o\000f\000s}{}% 26
\BOOKMARK [2][-]{subsection.A.1}{\376\377\000P\000r\000o\000o\000f\000\040\000o\000f\000\040\000T\000h\000e\000o\000r\000e\000m\000\040\0002\000\040\000\050\000I\000d\000e\000n\000t\000i\000f\000i\000a\000b\000i\000l\000i\000t\000y\000\051}{appendix.A}% 27
\BOOKMARK [2][-]{subsection.A.2}{\376\377\000P\000r\000o\000o\000f\000\040\000o\000f\000\040\000T\000h\000e\000o\000r\000e\000m\000\040\0003\000\040\000\050\000E\000M\000\040\000M\000o\000n\000o\000t\000o\000n\000i\000c\000i\000t\000y\000\051}{appendix.A}% 28
\BOOKMARK [2][-]{subsection.A.3}{\376\377\000P\000r\000o\000o\000f\000\040\000o\000f\000\040\000T\000h\000e\000o\000r\000e\000m\000\040\0006\000\040\000\050\000P\000o\000s\000t\000e\000r\000i\000o\000r\000\040\000S\000h\000i\000e\000l\000d\000\040\000S\000o\000u\000n\000d\000n\000e\000s\000s\000\051}{appendix.A}% 29
\BOOKMARK [2][-]{subsection.A.4}{\376\377\000P\000r\000o\000o\000f\000\040\000o\000f\000\040\000T\000h\000e\000o\000r\000e\000m\000\040\0008\000\040\000\050\000C\000o\000n\000v\000e\000x\000\040\000L\000T\000L\000\040\000F\000r\000a\000g\000m\000e\000n\000t\000\051}{appendix.A}% 30
\BOOKMARK [2][-]{subsection.A.5}{\376\377\000P\000r\000o\000o\000f\000\040\000o\000f\000\040\000T\000h\000e\000o\000r\000e\000m\000\040\0009\000\040\000\050\000C\000o\000m\000p\000o\000s\000i\000t\000i\000o\000n\000\051}{appendix.A}% 31
\BOOKMARK [2][-]{subsection.A.6}{\376\377\000P\000r\000o\000o\000f\000\040\000o\000f\000\040\000T\000h\000e\000o\000r\000e\000m\000\040\0001\0000\000\040\000\050\000D\000e\000c\000o\000m\000p\000o\000s\000e\000d\000\040\000C\000o\000m\000p\000o\000s\000i\000t\000i\000o\000n\000\051}{appendix.A}% 32
\BOOKMARK [2][-]{subsection.A.7}{\376\377\000P\000r\000o\000o\000f\000\040\000o\000f\000\040\000T\000h\000e\000o\000r\000e\000m\000\040\0001\0003\000\040\000\050\000S\000t\000a\000t\000e\000\040\000A\000b\000s\000t\000r\000a\000c\000t\000i\000o\000n\000\040\000S\000o\000u\000n\000d\000n\000e\000s\000s\000\051}{appendix.A}% 33
\BOOKMARK [2][-]{subsection.A.8}{\376\377\000P\000r\000o\000o\000f\000\040\000o\000f\000\040\000T\000h\000e\000o\000r\000e\000m\000\040\0001\0004\000\040\000\050\000M\000o\000n\000o\000t\000o\000n\000e\000\040\000R\000e\000f\000i\000n\000e\000m\000e\000n\000t\000\051}{appendix.A}% 34
\BOOKMARK [1][-]{appendix.B}{\376\377\000P\000A\000C\000-\000B\000a\000y\000e\000s\000\040\000B\000o\000u\000n\000d\000\040\000D\000e\000t\000a\000i\000l\000s}{}% 35
\BOOKMARK [2][-]{subsection.B.1}{\376\377\000B\000o\000u\000n\000d\000\040\000F\000o\000r\000m\000u\000l\000a\000t\000i\000o\000n\000s}{appendix.B}% 36
\BOOKMARK [2][-]{subsection.B.2}{\376\377\000K\000L\000\040\000D\000i\000v\000e\000r\000g\000e\000n\000c\000e\000\040\000C\000o\000m\000p\000u\000t\000a\000t\000i\000o\000n}{appendix.B}% 37
\BOOKMARK [2][-]{subsection.B.3}{\376\377\000C\000a\000t\000o\000n\000i\000\040\000B\000o\000u\000n\000d\000\040\000O\000p\000t\000i\000m\000i\000s\000a\000t\000i\000o\000n}{appendix.B}% 38
\BOOKMARK [2][-]{subsection.B.4}{\376\377\000V\000a\000c\000u\000i\000t\000y\000\040\000A\000n\000a\000l\000y\000s\000i\000s\000\040\000C\000o\000n\000f\000i\000g\000u\000r\000a\000t\000i\000o\000n}{appendix.B}% 39
\BOOKMARK [1][-]{appendix.C}{\376\377\000S\000t\000a\000t\000e\000\040\000A\000b\000s\000t\000r\000a\000c\000t\000i\000o\000n\000\040\000D\000e\000t\000a\000i\000l\000s}{}% 40
\BOOKMARK [2][-]{subsection.C.1}{\376\377\000I\000n\000t\000e\000r\000v\000a\000l\000\040\000A\000r\000i\000t\000h\000m\000e\000t\000i\000c\000\040\000f\000o\000r\000\040\000S\000o\000u\000n\000d\000\040\000C\000o\000m\000p\000u\000t\000a\000t\000i\000o\000n}{appendix.C}% 41
\BOOKMARK [2][-]{subsection.C.2}{\376\377\000E\000x\000p\000e\000r\000i\000m\000e\000n\000t\000a\000l\000\040\000V\000a\000l\000i\000d\000a\000t\000i\000o\000n}{appendix.C}% 42
\BOOKMARK [2][-]{subsection.C.3}{\376\377\000C\000o\000m\000p\000u\000t\000a\000t\000i\000o\000n\000a\000l\000\040\000C\000o\000m\000p\000l\000e\000x\000i\000t\000y}{appendix.C}% 43
\BOOKMARK [1][-]{appendix.D}{\376\377\000S\000e\000n\000s\000i\000t\000i\000v\000i\000t\000y\000\040\000A\000n\000a\000l\000y\000s\000i\000s\000\040\000F\000u\000l\000l\000\040\000R\000e\000s\000u\000l\000t\000s}{}% 44
\BOOKMARK [2][-]{subsection.D.1}{\376\377\000P\000a\000r\000a\000m\000e\000t\000e\000r\000\040\000S\000w\000e\000e\000p\000s}{appendix.D}% 45
\BOOKMARK [2][-]{subsection.D.2}{\376\377\000I\000n\000t\000e\000r\000p\000r\000e\000t\000a\000t\000i\000o\000n}{appendix.D}% 46
\BOOKMARK [1][-]{appendix.E}{\376\377\000B\000o\000u\000n\000d\000e\000d\000\040\000L\000i\000v\000e\000n\000e\000s\000s\000\040\000S\000p\000e\000c\000i\000f\000i\000c\000a\000t\000i\000o\000n\000s}{}% 47
\BOOKMARK [2][-]{subsection.E.1}{\376\377\000F\000o\000r\000m\000a\000l\000\040\000S\000p\000e\000c\000i\000f\000i\000c\000a\000t\000i\000o\000n\000\040\000L\000a\000n\000g\000u\000a\000g\000e}{appendix.E}% 48
\BOOKMARK [2][-]{subsection.E.2}{\376\377\000E\000v\000a\000l\000u\000a\000t\000i\000o\000n\000\040\000P\000r\000o\000t\000o\000c\000o\000l}{appendix.E}% 49
\BOOKMARK [2][-]{subsection.E.3}{\376\377\000C\000o\000n\000f\000i\000g\000u\000r\000a\000t\000i\000o\000n\000\040\000S\000u\000i\000t\000e\000s}{appendix.E}% 50
\BOOKMARK [1][-]{appendix.F}{\376\377\000E\000r\000r\000o\000r\000\040\000D\000e\000c\000o\000m\000p\000o\000s\000i\000t\000i\000o\000n\000\040\000D\000e\000t\000a\000i\000l\000s}{}% 51
\BOOKMARK [2][-]{subsection.F.1}{\376\377\000P\000e\000r\000-\000S\000t\000a\000g\000e\000\040\000E\000r\000r\000o\000r\000\040\000M\000e\000a\000s\000u\000r\000e\000m\000e\000n\000t}{appendix.F}% 52
\BOOKMARK [2][-]{subsection.F.2}{\376\377\000B\000u\000d\000g\000e\000t\000\040\000A\000l\000l\000o\000c\000a\000t\000i\000o\000n\000\040\000A\000n\000a\000l\000y\000s\000i\000s}{appendix.F}% 53
\BOOKMARK [1][-]{appendix.G}{\376\377\000I\000n\000d\000e\000p\000e\000n\000d\000e\000n\000t\000\040\000V\000e\000r\000i\000f\000i\000c\000a\000t\000i\000o\000n\000\040\000P\000r\000o\000t\000o\000c\000o\000l}{}% 54
\BOOKMARK [2][-]{subsection.G.1}{\376\377\000P\000r\000o\000t\000o\000c\000o\000l\000\040\000D\000e\000s\000i\000g\000n}{appendix.G}% 55
\BOOKMARK [2][-]{subsection.G.2}{\376\377\000F\000u\000l\000l\000\040\000R\000e\000s\000u\000l\000t\000s}{appendix.G}% 56
\BOOKMARK [1][-]{appendix.H}{\376\377\000M\000u\000l\000t\000i\000-\000I\000n\000s\000t\000r\000u\000m\000e\000n\000t\000\040\000D\000e\000t\000a\000i\000l\000s}{}% 57
\BOOKMARK [2][-]{subsection.H.1}{\376\377\000D\000a\000t\000a\000\040\000G\000e\000n\000e\000r\000a\000t\000i\000o\000n}{appendix.H}% 58
\BOOKMARK [2][-]{subsection.H.2}{\376\377\000E\000x\000t\000e\000n\000d\000e\000d\000\040\000R\000e\000s\000u\000l\000t\000s}{appendix.H}% 59
\BOOKMARK [1][-]{appendix.I}{\376\377\000E\000M\000\040\000C\000o\000n\000v\000e\000r\000g\000e\000n\000c\000e\000\040\000A\000n\000a\000l\000y\000s\000i\000s}{}% 60
\BOOKMARK [2][-]{subsection.I.1}{\376\377\000C\000o\000n\000t\000r\000a\000c\000t\000i\000o\000n\000\040\000R\000a\000t\000e\000\040\000T\000h\000e\000o\000r\000y}{appendix.I}% 61
\BOOKMARK [2][-]{subsection.I.2}{\376\377\000S\000p\000u\000r\000i\000o\000u\000s\000\040\000F\000i\000x\000e\000d\000\040\000P\000o\000i\000n\000t\000\040\000D\000e\000t\000e\000c\000t\000i\000o\000n}{appendix.I}% 62
\BOOKMARK [2][-]{subsection.I.3}{\376\377\000C\000o\000n\000v\000e\000r\000g\000e\000n\000c\000e\000\040\000R\000a\000t\000e\000\040\000C\000o\000m\000p\000a\000r\000i\000s\000o\000n}{appendix.I}% 63
\BOOKMARK [1][-]{appendix.J}{\376\377\000H\000S\000I\000C\000-\000L\000a\000s\000s\000o\000\040\000F\000o\000r\000m\000u\000l\000a\000t\000i\000o\000n}{}% 64
\BOOKMARK [2][-]{subsection.J.1}{\376\377\000B\000a\000c\000k\000g\000r\000o\000u\000n\000d\000:\000\040\000H\000S\000I\000C}{appendix.J}% 65
\BOOKMARK [2][-]{subsection.J.2}{\376\377\000H\000S\000I\000C\000-\000L\000a\000s\000s\000o\000\040\000O\000p\000t\000i\000m\000i\000s\000a\000t\000i\000o\000n}{appendix.J}% 66
\BOOKMARK [2][-]{subsection.J.3}{\376\377\000C\000o\000m\000p\000a\000r\000i\000s\000o\000n\000\040\000w\000i\000t\000h\000\040\000L\000i\000n\000e\000a\000r\000\040\000L\000A\000S\000S\000O}{appendix.J}% 67
\BOOKMARK [1][-]{appendix.K}{\376\377\000M\000C\000M\000C\000\040\000D\000i\000a\000g\000n\000o\000s\000t\000i\000c\000s}{}% 68
\BOOKMARK [2][-]{subsection.K.1}{\376\377\000G\000e\000l\000m\000a\000n\000-\000R\000u\000b\000i\000n\000\040\000\040\000S\000t\000a\000t\000i\000s\000t\000i\000c}{appendix.K}% 69
\BOOKMARK [2][-]{subsection.K.2}{\376\377\000H\000M\000M\000-\000S\000p\000e\000c\000i\000f\000i\000c\000\040\000D\000i\000a\000g\000n\000o\000s\000t\000i\000c\000s}{appendix.K}% 70
\BOOKMARK [2][-]{subsection.K.3}{\376\377\000C\000o\000n\000v\000e\000r\000g\000e\000n\000c\000e\000\040\000C\000r\000i\000t\000e\000r\000i\000a}{appendix.K}% 71
\BOOKMARK [1][-]{appendix.L}{\376\377\000A\000P\000I\000\040\000R\000e\000f\000e\000r\000e\000n\000c\000e\000\040\000S\000u\000m\000m\000a\000r\000y}{}% 72
\BOOKMARK [2][-]{subsection.L.1}{\376\377\000C\000o\000r\000e\000\040\000M\000o\000d\000u\000l\000e\000s}{appendix.L}% 73
\BOOKMARK [2][-]{subsection.L.2}{\376\377\000E\000v\000a\000l\000u\000a\000t\000i\000o\000n\000\040\000M\000o\000d\000u\000l\000e\000s}{appendix.L}% 74
