\BOOKMARK [1][-]{section.1}{\376\377\000I\000n\000t\000r\000o\000d\000u\000c\000t\000i\000o\000n}{}% 1
\BOOKMARK [1][-]{section.2}{\376\377\000P\000r\000e\000l\000i\000m\000i\000n\000a\000r\000i\000e\000s}{}% 2
\BOOKMARK [1][-]{section.3}{\376\377\000C\000E\000G\000A\000R\000\040\000f\000o\000r\000\040\000N\000o\000n\000l\000i\000n\000e\000a\000r\000\040\000O\000D\000E\000\040\000V\000e\000r\000i\000f\000i\000c\000a\000t\000i\000o\000n}{}% 3
\BOOKMARK [2][-]{subsection.3.1}{\376\377\000O\000v\000e\000r\000v\000i\000e\000w}{section.3}% 4
\BOOKMARK [2][-]{subsection.3.2}{\376\377\000R\000e\000f\000i\000n\000e\000m\000e\000n\000t\000\040\000S\000t\000r\000a\000t\000e\000g\000i\000e\000s}{section.3}% 5
\BOOKMARK [2][-]{subsection.3.3}{\376\377\000C\000o\000n\000v\000e\000r\000g\000e\000n\000c\000e\000\040\000M\000o\000n\000i\000t\000o\000r\000i\000n\000g}{section.3}% 6
\BOOKMARK [1][-]{section.4}{\376\377\000S\000o\000u\000n\000d\000n\000e\000s\000s\000\040\000H\000i\000e\000r\000a\000r\000c\000h\000y\000\040\000a\000n\000d\000\040\000E\000r\000r\000o\000r\000\040\000T\000r\000a\000c\000k\000i\000n\000g}{}% 7
\BOOKMARK [1][-]{section.5}{\376\377\000C\000o\000m\000p\000o\000s\000i\000t\000i\000o\000n\000a\000l\000\040\000V\000e\000r\000i\000f\000i\000c\000a\000t\000i\000o\000n}{}% 8
\BOOKMARK [2][-]{subsection.5.1}{\376\377\000A\000u\000t\000o\000m\000a\000t\000i\000c\000\040\000D\000e\000c\000o\000m\000p\000o\000s\000i\000t\000i\000o\000n}{section.5}% 9
\BOOKMARK [2][-]{subsection.5.2}{\376\377\000C\000i\000r\000c\000u\000l\000a\000r\000\040\000A\000s\000s\000u\000m\000e\000-\000G\000u\000a\000r\000a\000n\000t\000e\000e\000\040\000R\000e\000a\000s\000o\000n\000i\000n\000g}{section.5}% 10
\BOOKMARK [1][-]{section.6}{\376\377\000M\000L\000-\000A\000c\000c\000e\000l\000e\000r\000a\000t\000e\000d\000\040\000R\000e\000f\000i\000n\000e\000m\000e\000n\000t}{}% 11
\BOOKMARK [1][-]{section.7}{\376\377\000I\000m\000p\000l\000e\000m\000e\000n\000t\000a\000t\000i\000o\000n}{}% 12
\BOOKMARK [1][-]{section.8}{\376\377\000E\000v\000a\000l\000u\000a\000t\000i\000o\000n}{}% 13
\BOOKMARK [2][-]{subsection.8.1}{\376\377\000B\000e\000n\000c\000h\000m\000a\000r\000k\000\040\000S\000u\000i\000t\000e}{section.8}% 14
\BOOKMARK [2][-]{subsection.8.2}{\376\377\000S\000c\000a\000l\000a\000b\000i\000l\000i\000t\000y\000:\000\040\000M\000o\000n\000o\000l\000i\000t\000h\000i\000c\000\040\000v\000s\000.\000\040\000C\000o\000m\000p\000o\000s\000i\000t\000i\000o\000n\000a\000l}{section.8}% 15
\BOOKMARK [2][-]{subsection.8.3}{\376\377\000A\000b\000l\000a\000t\000i\000o\000n\000\040\000S\000t\000u\000d\000y}{section.8}% 16
\BOOKMARK [2][-]{subsection.8.4}{\376\377\000M\000L\000\040\000P\000r\000e\000d\000i\000c\000a\000t\000e\000\040\000P\000r\000e\000d\000i\000c\000t\000o\000r\000\040\000Q\000u\000a\000l\000i\000t\000y}{section.8}% 17
\BOOKMARK [1][-]{section.9}{\376\377\000R\000e\000l\000a\000t\000e\000d\000\040\000W\000o\000r\000k}{}% 18
\BOOKMARK [1][-]{section.10}{\376\377\000C\000o\000n\000c\000l\000u\000s\000i\000o\000n}{}% 19
\BOOKMARK [1][-]{appendix.A}{\376\377\000B\000i\000o\000-\000S\000T\000L\000\040\000S\000y\000n\000t\000a\000x\000\040\000a\000n\000d\000\040\000S\000e\000m\000a\000n\000t\000i\000c\000s}{}% 20
\BOOKMARK [2][-]{subsection.A.1}{\376\377\000F\000u\000l\000l\000\040\000G\000r\000a\000m\000m\000a\000r}{appendix.A}% 21
\BOOKMARK [2][-]{subsection.A.2}{\376\377\000M\000a\000c\000r\000o\000\040\000E\000x\000p\000a\000n\000s\000i\000o\000n}{appendix.A}% 22
\BOOKMARK [2][-]{subsection.A.3}{\376\377\000R\000o\000b\000u\000s\000t\000n\000e\000s\000s\000\040\000S\000e\000m\000a\000n\000t\000i\000c\000s}{appendix.A}% 23
\BOOKMARK [1][-]{appendix.B}{\376\377\000I\000n\000t\000e\000r\000v\000a\000l\000\040\000A\000r\000i\000t\000h\000m\000e\000t\000i\000c\000\040\000I\000m\000p\000l\000e\000m\000e\000n\000t\000a\000t\000i\000o\000n}{}% 24
\BOOKMARK [1][-]{appendix.C}{\376\377\000R\000e\000f\000i\000n\000e\000m\000e\000n\000t\000\040\000S\000t\000r\000a\000t\000e\000g\000y\000\040\000D\000e\000t\000a\000i\000l\000s}{}% 25
\BOOKMARK [2][-]{subsection.C.1}{\376\377\000M\000o\000n\000o\000t\000o\000n\000i\000c\000i\000t\000y\000\040\000A\000n\000a\000l\000y\000s\000i\000s}{appendix.C}% 26
\BOOKMARK [2][-]{subsection.C.2}{\376\377\000T\000i\000m\000e\000-\000S\000c\000a\000l\000e\000\040\000S\000e\000p\000a\000r\000a\000t\000i\000o\000n}{appendix.C}% 27
\BOOKMARK [2][-]{subsection.C.3}{\376\377\000C\000r\000a\000i\000g\000\040\000I\000n\000t\000e\000r\000p\000o\000l\000a\000t\000i\000o\000n\000\040\000f\000o\000r\000\040\000N\000R\000A}{appendix.C}% 28
\BOOKMARK [1][-]{appendix.D}{\376\377\000C\000o\000m\000p\000o\000s\000i\000t\000i\000o\000n\000a\000l\000\040\000V\000e\000r\000i\000f\000i\000c\000a\000t\000i\000o\000n\000\040\000D\000e\000t\000a\000i\000l\000s}{}% 29
\BOOKMARK [2][-]{subsection.D.1}{\376\377\000W\000e\000l\000l\000-\000F\000o\000r\000m\000e\000d\000n\000e\000s\000s\000\040\000C\000o\000n\000d\000i\000t\000i\000o\000n\000s}{appendix.D}% 30
\BOOKMARK [2][-]{subsection.D.2}{\376\377\000Q\000R\000\040\000P\000r\000e\000c\000o\000n\000d\000i\000t\000i\000o\000n\000i\000n\000g}{appendix.D}% 31
\BOOKMARK [1][-]{appendix.E}{\376\377\000S\000t\000o\000c\000h\000a\000s\000t\000i\000c\000\040\000V\000e\000r\000i\000f\000i\000c\000a\000t\000i\000o\000n}{}% 32
\BOOKMARK [2][-]{subsection.E.1}{\376\377\000M\000o\000m\000e\000n\000t\000\040\000C\000l\000o\000s\000u\000r\000e}{appendix.E}% 33
\BOOKMARK [2][-]{subsection.E.2}{\376\377\000S\000S\000A\000\040\000a\000n\000d\000\040\000F\000S\000P}{appendix.E}% 34
\BOOKMARK [1][-]{appendix.F}{\376\377\000E\000r\000r\000o\000r\000\040\000P\000r\000o\000p\000a\000g\000a\000t\000i\000o\000n\000\040\000A\000n\000a\000l\000y\000s\000i\000s}{}% 35
\BOOKMARK [2][-]{subsection.F.1}{\376\377\000E\000n\000d\000-\000t\000o\000-\000E\000n\000d\000\040\000E\000r\000r\000o\000r\000\040\000B\000u\000d\000g\000e\000t}{appendix.F}% 36
\BOOKMARK [2][-]{subsection.F.2}{\376\377\000D\000e\000l\000t\000a\000\040\000P\000r\000o\000p\000a\000g\000a\000t\000i\000o\000n}{appendix.F}% 37
\BOOKMARK [1][-]{appendix.G}{\376\377\000E\000x\000t\000e\000n\000d\000e\000d\000\040\000B\000e\000n\000c\000h\000m\000a\000r\000k\000\040\000R\000e\000s\000u\000l\000t\000s}{}% 38
\BOOKMARK [2][-]{subsection.G.1}{\376\377\000P\000e\000r\000-\000C\000i\000r\000c\000u\000i\000t\000\040\000M\000L\000\040\000Q\000u\000a\000l\000i\000t\000y}{appendix.G}% 39
\BOOKMARK [2][-]{subsection.G.2}{\376\377\000A\000b\000l\000a\000t\000i\000o\000n\000\040\000b\000y\000\040\000C\000i\000r\000c\000u\000i\000t\000\040\000F\000a\000m\000i\000l\000y}{appendix.G}% 40
\BOOKMARK [1][-]{appendix.H}{\376\377\000S\000t\000a\000n\000d\000a\000l\000o\000n\000e\000\040\000C\000e\000r\000t\000i\000f\000i\000c\000a\000t\000e\000\040\000V\000e\000r\000i\000f\000i\000c\000a\000t\000i\000o\000n}{}% 41
\BOOKMARK [1][-]{appendix.I}{\376\377\000A\000P\000I\000\040\000S\000u\000m\000m\000a\000r\000y}{}% 42
