\BOOKMARK [1][-]{section.1}{\376\377\000I\000n\000t\000r\000o\000d\000u\000c\000t\000i\000o\000n}{}% 1
\BOOKMARK [1][-]{section.2}{\376\377\000M\000e\000a\000n\000-\000F\000i\000e\000l\000d\000\040\000T\000h\000e\000o\000r\000y\000\040\000B\000a\000c\000k\000g\000r\000o\000u\000n\000d}{}% 2
\BOOKMARK [2][-]{subsection.2.1}{\376\377\000V\000a\000r\000i\000a\000n\000c\000e\000\040\000P\000r\000o\000p\000a\000g\000a\000t\000i\000o\000n}{section.2}% 3
\BOOKMARK [2][-]{subsection.2.2}{\376\377\000T\000h\000e\000\040\000O\000r\000d\000e\000r\000-\000t\000o\000-\000C\000h\000a\000o\000s\000\040\000T\000r\000a\000n\000s\000i\000t\000i\000o\000n}{section.2}% 4
\BOOKMARK [2][-]{subsection.2.3}{\376\377\000D\000e\000p\000t\000h\000\040\000S\000c\000a\000l\000e\000\040\000a\000n\000d\000\040\000C\000r\000i\000t\000i\000c\000a\000l\000\040\000I\000n\000i\000t\000i\000a\000l\000i\000z\000a\000t\000i\000o\000n}{section.2}% 5
\BOOKMARK [1][-]{section.3}{\376\377\000S\000e\000c\000o\000n\000d\000-\000O\000r\000d\000e\000r\000\040\000F\000i\000n\000i\000t\000e\000-\000W\000i\000d\000t\000h\000\040\000C\000o\000r\000r\000e\000c\000t\000i\000o\000n\000s}{}% 6
\BOOKMARK [2][-]{subsection.3.1}{\376\377\000P\000e\000r\000t\000u\000r\000b\000a\000t\000i\000v\000e\000\040\000E\000x\000p\000a\000n\000s\000i\000o\000n\000\040\000t\000o\000\040\000S\000e\000c\000o\000n\000d\000\040\000O\000r\000d\000e\000r}{section.3}% 7
\BOOKMARK [2][-]{subsection.3.2}{\376\377\000E\000x\000p\000e\000r\000i\000m\000e\000n\000t\000a\000l\000\040\000V\000a\000l\000i\000d\000a\000t\000i\000o\000n}{section.3}% 8
\BOOKMARK [1][-]{section.4}{\376\377\000S\000e\000c\000o\000n\000d\000-\000O\000r\000d\000e\000r\000\040\000S\000u\000s\000c\000e\000p\000t\000i\000b\000i\000l\000i\000t\000y\000\040\0002}{}% 9
\BOOKMARK [2][-]{subsection.4.1}{\376\377\0002\000\040\000V\000a\000l\000u\000e\000s\000\040\000f\000o\000r\000\040\000S\000t\000a\000n\000d\000a\000r\000d\000\040\000A\000c\000t\000i\000v\000a\000t\000i\000o\000n\000s}{section.4}% 10
\BOOKMARK [2][-]{subsection.4.2}{\376\377\000T\000h\000i\000r\000d\000-\000O\000r\000d\000e\000r\000\040\000S\000u\000s\000c\000e\000p\000t\000i\000b\000i\000l\000i\000t\000y\000\040\0003}{section.4}% 11
\BOOKMARK [1][-]{section.5}{\376\377\000L\000y\000a\000p\000u\000n\000o\000v\000\040\000E\000x\000p\000o\000n\000e\000n\000t\000\040\000a\000s\000\040\000C\000o\000n\000t\000i\000n\000u\000o\000u\000s\000\040\000C\000h\000a\000o\000s\000\040\000M\000e\000a\000s\000u\000r\000e}{}% 12
\BOOKMARK [2][-]{subsection.5.1}{\376\377\000F\000i\000n\000i\000t\000e\000-\000W\000i\000d\000t\000h\000\040\000C\000o\000r\000r\000e\000c\000t\000e\000d\000\040\0001}{section.5}% 13
\BOOKMARK [1][-]{section.6}{\376\377\000S\000o\000f\000t\000\040\000P\000o\000s\000t\000e\000r\000i\000o\000r\000\040\000P\000h\000a\000s\000e\000\040\000C\000l\000a\000s\000s\000i\000f\000i\000c\000a\000t\000i\000o\000n}{}% 14
\BOOKMARK [2][-]{subsection.6.1}{\376\377\000W\000i\000d\000t\000h\000-\000D\000e\000p\000e\000n\000d\000e\000n\000t\000\040\000C\000r\000i\000t\000i\000c\000a\000l\000\040\000W\000i\000n\000d\000o\000w}{section.6}% 15
\BOOKMARK [2][-]{subsection.6.2}{\376\377\000S\000o\000f\000t\000\040\000C\000l\000a\000s\000s\000i\000f\000i\000c\000a\000t\000i\000o\000n}{section.6}% 16
\BOOKMARK [2][-]{subsection.6.3}{\376\377\000C\000l\000a\000s\000s\000i\000f\000i\000c\000a\000t\000i\000o\000n\000\040\000R\000e\000s\000u\000l\000t\000s}{section.6}% 17
\BOOKMARK [1][-]{section.7}{\376\377\000R\000e\000s\000N\000e\000t\000\040\000M\000e\000a\000n\000-\000F\000i\000e\000l\000d\000\040\000E\000x\000t\000e\000n\000s\000i\000o\000n}{}% 18
\BOOKMARK [2][-]{subsection.7.1}{\376\377\000E\000x\000t\000e\000n\000s\000i\000o\000n\000\040\000t\000o\000\040\000C\000o\000n\000v\000o\000l\000u\000t\000i\000o\000n\000a\000l\000\040\000N\000e\000t\000w\000o\000r\000k\000s}{section.7}% 19
\BOOKMARK [2][-]{subsection.7.2}{\376\377\000S\000o\000u\000n\000d\000n\000e\000s\000s\000\040\000C\000o\000n\000j\000e\000c\000t\000u\000r\000e}{section.7}% 20
\BOOKMARK [1][-]{section.8}{\376\377\000E\000x\000p\000e\000r\000i\000m\000e\000n\000t\000a\000l\000\040\000V\000a\000l\000i\000d\000a\000t\000i\000o\000n}{}% 21
\BOOKMARK [2][-]{subsection.8.1}{\376\377\000P\000h\000a\000s\000e\000\040\000B\000o\000u\000n\000d\000a\000r\000y\000\040\000C\000o\000n\000f\000i\000d\000e\000n\000c\000e\000\040\000I\000n\000t\000e\000r\000v\000a\000l\000s}{section.8}% 22
\BOOKMARK [2][-]{subsection.8.2}{\376\377\000E\000n\000d\000-\000t\000o\000-\000E\000n\000d\000\040\000I\000n\000i\000t\000i\000a\000l\000i\000z\000a\000t\000i\000o\000n\000\040\000C\000o\000m\000p\000a\000r\000i\000s\000o\000n}{section.8}% 23
\BOOKMARK [2][-]{subsection.8.3}{\376\377\000H\000e\000a\000d\000-\000t\000o\000-\000H\000e\000a\000d\000\040\000C\000o\000m\000p\000a\000r\000i\000s\000o\000n\000\040\000w\000i\000t\000h\000\040\000P\000r\000a\000c\000t\000i\000c\000a\000l\000\040\000A\000l\000t\000e\000r\000n\000a\000t\000i\000v\000e\000s}{section.8}% 24
\BOOKMARK [2][-]{subsection.8.4}{\376\377\000C\000a\000s\000e\000\040\000S\000t\000u\000d\000y\000:\000\040\000D\000i\000a\000g\000n\000o\000s\000i\000n\000g\000\040\000a\000n\000d\000\040\000F\000i\000x\000i\000n\000g\000\040\000I\000n\000i\000t\000i\000a\000l\000i\000z\000a\000t\000i\000o\000n}{section.8}% 25
\BOOKMARK [2][-]{subsection.8.5}{\376\377\000E\000x\000t\000e\000n\000d\000e\000d\000\040\000A\000c\000t\000i\000v\000a\000t\000i\000o\000n\000\040\000S\000u\000p\000p\000o\000r\000t}{section.8}% 26
\BOOKMARK [2][-]{subsection.8.6}{\376\377\000P\000y\000T\000o\000r\000c\000h\000\040\000I\000n\000t\000e\000g\000r\000a\000t\000i\000o\000n}{section.8}% 27
\BOOKMARK [2][-]{subsection.8.7}{\376\377\000I\000n\000d\000e\000p\000e\000n\000d\000e\000n\000t\000\040\000C\000a\000l\000i\000b\000r\000a\000t\000i\000o\000n}{section.8}% 28
\BOOKMARK [2][-]{subsection.8.8}{\376\377\000M\000o\000m\000e\000n\000t\000-\000C\000l\000o\000s\000u\000r\000e\000\040\000S\000e\000n\000s\000i\000t\000i\000v\000i\000t\000y\000\040\000A\000n\000a\000l\000y\000s\000i\000s}{section.8}% 29
\BOOKMARK [1][-]{section.9}{\376\377\000F\000o\000r\000m\000a\000l\000\040\000V\000e\000r\000i\000f\000i\000c\000a\000t\000i\000o\000n}{}% 30
\BOOKMARK [2][-]{subsection.9.1}{\376\377\000Z\0003\000\040\000S\000M\000T\000\040\000V\000e\000r\000i\000f\000i\000c\000a\000t\000i\000o\000n}{section.9}% 31
\BOOKMARK [2][-]{subsection.9.2}{\376\377\000P\000r\000o\000p\000e\000r\000t\000y\000-\000B\000a\000s\000e\000d\000\040\000T\000e\000s\000t\000i\000n\000g\000\040\000w\000i\000t\000h\000\040\000H\000y\000p\000o\000t\000h\000e\000s\000i\000s}{section.9}% 32
\BOOKMARK [2][-]{subsection.9.3}{\376\377\000Z\0003\000\040\000C\000o\000n\000v\000e\000r\000g\000e\000n\000c\000e\000\040\000V\000e\000r\000i\000f\000i\000c\000a\000t\000i\000o\000n}{section.9}% 33
\BOOKMARK [1][-]{section.10}{\376\377\000R\000e\000l\000a\000t\000e\000d\000\040\000W\000o\000r\000k}{}% 34
\BOOKMARK [1][-]{section.11}{\376\377\000L\000i\000m\000i\000t\000a\000t\000i\000o\000n\000s}{}% 35
\BOOKMARK [1][-]{section.12}{\376\377\000C\000o\000n\000c\000l\000u\000s\000i\000o\000n}{}% 36
\BOOKMARK [1][-]{appendix.A}{\376\377\000P\000r\000o\000o\000f\000s\000\040\000o\000f\000\040\000M\000e\000a\000n\000-\000F\000i\000e\000l\000d\000\040\000P\000r\000o\000p\000e\000r\000t\000i\000e\000s}{}% 37
\BOOKMARK [2][-]{subsection.A.1}{\376\377\000V\000a\000r\000i\000a\000n\000c\000e\000\040\000P\000r\000o\000p\000a\000g\000a\000t\000i\000o\000n\000\040\000f\000o\000r\000\040\000R\000e\000L\000U}{appendix.A}% 38
\BOOKMARK [2][-]{subsection.A.2}{\376\377\000R\000e\000L\000U\000\040\0001\000\040\000F\000o\000r\000m\000u\000l\000a}{appendix.A}% 39
\BOOKMARK [2][-]{subsection.A.3}{\376\377\000P\000h\000a\000s\000e\000\040\000M\000o\000n\000o\000t\000o\000n\000i\000c\000i\000t\000y}{appendix.A}% 40
\BOOKMARK [2][-]{subsection.A.4}{\376\377\000F\000i\000x\000e\000d\000-\000P\000o\000i\000n\000t\000\040\000U\000n\000i\000q\000u\000e\000n\000e\000s\000s}{appendix.A}% 41
\BOOKMARK [2][-]{subsection.A.5}{\376\377\000K\000a\000i\000m\000i\000n\000g\040\023\000C\000r\000i\000t\000i\000c\000a\000l\000\040\000E\000q\000u\000i\000v\000a\000l\000e\000n\000c\000e\000\040\000f\000o\000r\000\040\000R\000e\000L\000U}{appendix.A}% 42
\BOOKMARK [2][-]{subsection.A.6}{\376\377\000G\000r\000a\000d\000i\000e\000n\000t\000\040\000M\000a\000g\000n\000i\000t\000u\000d\000e\000\040\000B\000o\000u\000n\000d\000s}{appendix.A}% 43
\BOOKMARK [1][-]{appendix.B}{\376\377\000P\000r\000o\000o\000f\000\040\000o\000f\000\040\000S\000e\000c\000o\000n\000d\000-\000O\000r\000d\000e\000r\000\040\000V\000a\000r\000i\000a\000n\000c\000e\000\040\000C\000o\000r\000r\000e\000c\000t\000i\000o\000n}{}% 44
\BOOKMARK [1][-]{appendix.C}{\376\377\000P\000r\000o\000o\000f\000\040\000o\000f\000\040\000B\000i\000f\000u\000r\000c\000a\000t\000i\000o\000n\000\040\000C\000l\000a\000s\000s\000i\000f\000i\000c\000a\000t\000i\000o\000n\000\040\000v\000i\000a\000\040\0002}{}% 45
\BOOKMARK [1][-]{appendix.D}{\376\377\000P\000r\000o\000o\000f\000\040\000o\000f\000\040\000F\000i\000n\000i\000t\000e\000-\000W\000i\000d\000t\000h\000\040\000C\000o\000r\000r\000e\000c\000t\000e\000d\000\040\0001}{}% 46
\BOOKMARK [1][-]{appendix.E}{\376\377\000A\000l\000g\000o\000r\000i\000t\000h\000m\000s}{}% 47
\BOOKMARK [1][-]{appendix.F}{\376\377\000Z\0003\000\040\000V\000e\000r\000i\000f\000i\000c\000a\000t\000i\000o\000n\000\040\000D\000e\000t\000a\000i\000l\000s}{}% 48
\BOOKMARK [2][-]{subsection.F.1}{\376\377\000F\000u\000l\000l\000\040\000E\000n\000c\000o\000d\000i\000n\000g\000s}{appendix.F}% 49
\BOOKMARK [1][-]{appendix.G}{\376\377\000R\000e\000p\000r\000o\000d\000u\000c\000i\000b\000i\000l\000i\000t\000y}{}% 50
\BOOKMARK [2][-]{subsection.G.1}{\376\377\000E\000x\000p\000e\000r\000i\000m\000e\000n\000t\000a\000l\000\040\000S\000e\000t\000u\000p}{appendix.G}% 51
\BOOKMARK [2][-]{subsection.G.2}{\376\377\000S\000t\000a\000t\000i\000s\000t\000i\000c\000a\000l\000\040\000M\000e\000t\000h\000o\000d\000o\000l\000o\000g\000y}{appendix.G}% 52
