\BOOKMARK [1][-]{section.1}{\376\377\000I\000n\000t\000r\000o\000d\000u\000c\000t\000i\000o\000n}{}% 1
\BOOKMARK [1][-]{section.2}{\376\377\000M\000o\000t\000i\000v\000a\000t\000i\000n\000g\000\040\000E\000x\000a\000m\000p\000l\000e}{}% 2
\BOOKMARK [1][-]{section.3}{\376\377\000C\000o\000m\000p\000u\000t\000a\000t\000i\000o\000n\000\040\000G\000r\000a\000p\000h\000\040\000E\000x\000t\000r\000a\000c\000t\000i\000o\000n}{}% 3
\BOOKMARK [2][-]{subsection.3.1}{\376\377\000E\000x\000t\000r\000a\000c\000t\000i\000o\000n\000\040\000A\000l\000g\000o\000r\000i\000t\000h\000m}{section.3}% 4
\BOOKMARK [2][-]{subsection.3.2}{\376\377\000S\000h\000a\000p\000e\000\040\000T\000r\000a\000n\000s\000f\000e\000r\000\040\000F\000u\000n\000c\000t\000i\000o\000n\000s}{section.3}% 5
\BOOKMARK [1][-]{section.4}{\376\377\000P\000r\000o\000d\000u\000c\000t\000\040\000T\000h\000e\000o\000r\000y}{}% 6
\BOOKMARK [2][-]{subsection.4.1}{\376\377\000T\000h\000e\000o\000r\000y\000\040\000o\000f\000\040\000S\000h\000a\000p\000e\000s\000\040\000T\000s\000h\000a\000p\000e}{section.4}% 7
\BOOKMARK [2][-]{subsection.4.2}{\376\377\000T\000h\000e\000o\000r\000y\000\040\000o\000f\000\040\000D\000e\000v\000i\000c\000e\000s\000\040\000T\000d\000e\000v\000i\000c\000e}{section.4}% 8
\BOOKMARK [2][-]{subsection.4.3}{\376\377\000T\000h\000e\000o\000r\000y\000\040\000o\000f\000\040\000P\000h\000a\000s\000e\000s\000\040\000T\000p\000h\000a\000s\000e}{section.4}% 9
\BOOKMARK [2][-]{subsection.4.4}{\376\377\000P\000r\000o\000d\000u\000c\000t\000\040\000T\000h\000e\000o\000r\000y\000\040\000a\000n\000d\000\040\000C\000r\000o\000s\000s\000-\000S\000o\000r\000t\000\040\000A\000x\000i\000o\000m\000s}{section.4}% 10
\BOOKMARK [2][-]{subsection.4.5}{\376\377\000T\000h\000e\000o\000r\000y\000\040\000C\000o\000m\000b\000i\000n\000a\000t\000i\000o\000n\000\040\000S\000o\000u\000n\000d\000n\000e\000s\000s\000\040\000v\000i\000a\000\040\000T\000i\000n\000e\000l\000l\000i\040\023\000Z\000a\000r\000b\000a\000\040\000A\000r\000r\000a\000n\000g\000e\000m\000e\000n\000t\000\040\000E\000n\000u\000m\000e\000r\000a\000t\000i\000o\000n}{section.4}% 11
\BOOKMARK [1][-]{section.5}{\376\377\000D\000o\000m\000a\000i\000n\000-\000S\000p\000e\000c\000i\000f\000i\000c\000\040\000S\000M\000T\000\040\000T\000h\000e\000o\000r\000y\000\040\000P\000l\000u\000g\000i\000n\000s}{}% 12
\BOOKMARK [2][-]{subsection.5.1}{\376\377\000T\000h\000e\000\040\000U\000s\000e\000r\000P\000r\000o\000p\000a\000g\000a\000t\000o\000r\000\040\000A\000P\000I}{section.5}% 13
\BOOKMARK [2][-]{subsection.5.2}{\376\377\000B\000r\000o\000a\000d\000c\000a\000s\000t\000P\000r\000o\000p\000a\000g\000a\000t\000o\000r}{section.5}% 14
\BOOKMARK [2][-]{subsection.5.3}{\376\377\000S\000t\000r\000i\000d\000e\000P\000r\000o\000p\000a\000g\000a\000t\000o\000r}{section.5}% 15
\BOOKMARK [2][-]{subsection.5.4}{\376\377\000D\000e\000v\000i\000c\000e\000P\000r\000o\000p\000a\000g\000a\000t\000o\000r}{section.5}% 16
\BOOKMARK [2][-]{subsection.5.5}{\376\377\000P\000h\000a\000s\000e\000P\000r\000o\000p\000a\000g\000a\000t\000o\000r}{section.5}% 17
\BOOKMARK [1][-]{section.6}{\376\377\000C\000o\000n\000s\000t\000r\000a\000i\000n\000t\000-\000B\000a\000s\000e\000d\000\040\000V\000e\000r\000i\000f\000i\000c\000a\000t\000i\000o\000n}{}% 18
\BOOKMARK [2][-]{subsection.6.1}{\376\377\000F\000o\000r\000w\000a\000r\000d\000\040\000S\000y\000m\000b\000o\000l\000i\000c\000\040\000P\000r\000o\000p\000a\000g\000a\000t\000i\000o\000n}{section.6}% 19
\BOOKMARK [2][-]{subsection.6.2}{\376\377\000C\000o\000u\000n\000t\000e\000r\000e\000x\000a\000m\000p\000l\000e\000\040\000T\000r\000a\000c\000e\000s}{section.6}% 20
\BOOKMARK [1][-]{section.7}{\376\377\000C\000o\000u\000n\000t\000e\000r\000e\000x\000a\000m\000p\000l\000e\000-\000G\000u\000i\000d\000e\000d\000\040\000C\000o\000n\000t\000r\000a\000c\000t\000\040\000D\000i\000s\000c\000o\000v\000e\000r\000y}{}% 21
\BOOKMARK [2][-]{subsection.7.1}{\376\377\000T\000h\000e\000\040\000C\000o\000n\000t\000r\000a\000c\000t\000\040\000D\000i\000s\000c\000o\000v\000e\000r\000y\000\040\000L\000o\000o\000p}{section.7}% 22
\BOOKMARK [2][-]{subsection.7.2}{\376\377\000Q\000u\000a\000l\000i\000t\000y\000-\000F\000i\000l\000t\000e\000r\000e\000d\000\040\000P\000r\000e\000d\000i\000c\000a\000t\000e\000\040\000S\000c\000o\000r\000i\000n\000g}{section.7}% 23
\BOOKMARK [2][-]{subsection.7.3}{\376\377\000C\000E\000G\000A\000R\000\040\000C\000o\000n\000v\000e\000r\000g\000e\000n\000c\000e}{section.7}% 24
\BOOKMARK [1][-]{section.8}{\376\377\000E\000v\000a\000l\000u\000a\000t\000i\000o\000n}{}% 25
\BOOKMARK [2][-]{subsection.8.1}{\376\377\000S\000u\000i\000t\000e\000\040\000A\000:\000\040\000T\000h\000e\000o\000r\000y\000-\000E\000x\000e\000r\000c\000i\000s\000i\000n\000g\000\040\000B\000e\000n\000c\000h\000m\000a\000r\000k\000s}{section.8}% 26
\BOOKMARK [2][-]{subsection.8.2}{\376\377\000S\000u\000i\000t\000e\000\040\000B\000:\000\040\000E\000x\000p\000a\000n\000d\000e\000d\000\040\000E\000v\000a\000l\000u\000a\000t\000i\000o\000n\000\040\000\050\0002\0000\0005\000\040\000B\000e\000n\000c\000h\000m\000a\000r\000k\000s\000\051}{section.8}% 27
\BOOKMARK [3][-]{subsubsection.8.2.1}{\376\377\000A\000g\000g\000r\000e\000g\000a\000t\000e\000\040\000R\000e\000s\000u\000l\000t\000s}{subsection.8.2}% 28
\BOOKMARK [3][-]{subsubsection.8.2.2}{\376\377\000P\000e\000r\000-\000C\000a\000t\000e\000g\000o\000r\000y\000\040\000B\000r\000e\000a\000k\000d\000o\000w\000n}{subsection.8.2}% 29
\BOOKMARK [3][-]{subsubsection.8.2.3}{\376\377\000F\000a\000l\000s\000e\000\040\000P\000o\000s\000i\000t\000i\000v\000e\000\040\000A\000n\000a\000l\000y\000s\000i\000s}{subsection.8.2}% 30
\BOOKMARK [3][-]{subsubsection.8.2.4}{\376\377\000F\000a\000l\000s\000e\000\040\000N\000e\000g\000a\000t\000i\000v\000e\000\040\000A\000n\000a\000l\000y\000s\000i\000s}{subsection.8.2}% 31
\BOOKMARK [2][-]{subsection.8.3}{\376\377\000C\000o\000n\000f\000i\000d\000e\000n\000c\000e\000\040\000S\000c\000o\000r\000i\000n\000g}{section.8}% 32
\BOOKMARK [2][-]{subsection.8.4}{\376\377\000Z\0003\000\040\000S\000o\000l\000v\000e\000r\000\040\000S\000t\000a\000t\000i\000s\000t\000i\000c\000s}{section.8}% 33
\BOOKMARK [2][-]{subsection.8.5}{\376\377\000C\000o\000n\000t\000r\000a\000c\000t\000\040\000D\000i\000s\000c\000o\000v\000e\000r\000y\000\040\000A\000b\000l\000a\000t\000i\000o\000n}{section.8}% 34
\BOOKMARK [2][-]{subsection.8.6}{\376\377\000S\000u\000m\000m\000a\000r\000y\000\040\000o\000f\000\040\000R\000e\000s\000u\000l\000t\000s}{section.8}% 35
\BOOKMARK [2][-]{subsection.8.7}{\376\377\000S\000u\000i\000t\000e\000\040\000C\000:\000\040\000R\000e\000a\000l\000-\000W\000o\000r\000l\000d\000\040\000B\000e\000n\000c\000h\000m\000a\000r\000k\000s\000\040\000\050\0005\0006\000\040\000B\000e\000n\000c\000h\000m\000a\000r\000k\000s\000\051}{section.8}% 36
\BOOKMARK [1][-]{section.9}{\376\377\000P\000r\000o\000o\000f\000\040\000C\000e\000r\000t\000i\000f\000i\000c\000a\000t\000e\000s}{}% 37
\BOOKMARK [1][-]{section.10}{\376\377\000S\000o\000u\000n\000d\000n\000e\000s\000s\000\040\000o\000f\000\040\000F\000i\000n\000i\000t\000e\000-\000D\000o\000m\000a\000i\000n\000\040\000T\000h\000e\000o\000r\000i\000e\000s}{}% 38
\BOOKMARK [1][-]{section.11}{\376\377\000R\000e\000l\000a\000t\000e\000d\000\040\000W\000o\000r\000k}{}% 39
\BOOKMARK [1][-]{section.12}{\376\377\000D\000i\000s\000c\000u\000s\000s\000i\000o\000n\000\040\000a\000n\000d\000\040\000L\000i\000m\000i\000t\000a\000t\000i\000o\000n\000s}{}% 40
\BOOKMARK [1][-]{appendix.A}{\376\377\000D\000e\000c\000i\000d\000a\000b\000i\000l\000i\000t\000y\000\040\000P\000r\000o\000o\000f\000\040\000f\000o\000r\000\040\000T}{}% 41
\BOOKMARK [1][-]{appendix.B}{\376\377\000S\000o\000u\000n\000d\000n\000e\000s\000s\000\040\000P\000r\000o\000o\000f}{}% 42
\BOOKMARK [1][-]{appendix.C}{\376\377\000U\000s\000e\000r\000P\000r\000o\000p\000a\000g\000a\000t\000o\000r\000\040\000S\000o\000u\000n\000d\000n\000e\000s\000s}{}% 43
\BOOKMARK [1][-]{appendix.D}{\376\377\000S\000h\000a\000p\000e\000\040\000A\000l\000g\000e\000b\000r\000a}{}% 44
\BOOKMARK [2][-]{subsection.D.1}{\376\377\000B\000r\000o\000a\000d\000c\000a\000s\000t\000i\000n\000g}{appendix.D}% 45
\BOOKMARK [2][-]{subsection.D.2}{\376\377\000M\000a\000t\000r\000i\000x\000\040\000M\000u\000l\000t\000i\000p\000l\000i\000c\000a\000t\000i\000o\000n}{appendix.D}% 46
\BOOKMARK [2][-]{subsection.D.3}{\376\377\000R\000e\000s\000h\000a\000p\000e}{appendix.D}% 47
\BOOKMARK [1][-]{appendix.E}{\376\377\000F\000o\000r\000m\000a\000l\000\040\000S\000p\000e\000c\000i\000f\000i\000c\000a\000t\000i\000o\000n\000\040\000o\000f\000\040\000T\000b\000r\000o\000a\000d\000c\000a\000s\000t}{}% 48
\BOOKMARK [1][-]{appendix.F}{\376\377\000F\000o\000r\000m\000a\000l\000\040\000S\000p\000e\000c\000i\000f\000i\000c\000a\000t\000i\000o\000n\000\040\000o\000f\000\040\000T\000s\000t\000r\000i\000d\000e}{}% 49
\BOOKMARK [1][-]{appendix.G}{\376\377\000F\000u\000l\000l\000\040\000B\000e\000n\000c\000h\000m\000a\000r\000k\000\040\000D\000e\000s\000c\000r\000i\000p\000t\000i\000o\000n\000s}{}% 50
\BOOKMARK [2][-]{subsection.G.1}{\376\377\000S\000u\000i\000t\000e\000\040\000A\000:\000\040\000T\000h\000e\000o\000r\000y\000-\000E\000x\000e\000r\000c\000i\000s\000i\000n\000g\000\040\000\050\0001\0008\000\040\000b\000e\000n\000c\000h\000m\000a\000r\000k\000s\000\051}{appendix.G}% 51
\BOOKMARK [2][-]{subsection.G.2}{\376\377\000S\000u\000i\000t\000e\000\040\000B\000:\000\040\000E\000x\000p\000a\000n\000d\000e\000d\000\040\000E\000v\000a\000l\000u\000a\000t\000i\000o\000n\000\040\000\050\0002\0000\0005\000\040\000b\000e\000n\000c\000h\000m\000a\000r\000k\000s\000\051}{appendix.G}% 52
\BOOKMARK [2][-]{subsection.G.3}{\376\377\000S\000u\000i\000t\000e\000\040\000C\000:\000\040\000R\000e\000a\000l\000-\000W\000o\000r\000l\000d\000\040\000B\000e\000n\000c\000h\000m\000a\000r\000k\000s\000\040\000\050\0005\0006\000\040\000b\000e\000n\000c\000h\000m\000a\000r\000k\000s\000\051}{appendix.G}% 53
\BOOKMARK [2][-]{subsection.G.4}{\376\377\000C\000o\000n\000t\000r\000a\000c\000t\000\040\000D\000i\000s\000c\000o\000v\000e\000r\000y\000\040\000A\000b\000l\000a\000t\000i\000o\000n\000\040\000\050\0008\000\040\000b\000e\000n\000c\000h\000m\000a\000r\000k\000s\000\051}{appendix.G}% 54
\BOOKMARK [1][-]{appendix.H}{\376\377\000C\000o\000n\000t\000r\000a\000c\000t\000\040\000D\000i\000s\000c\000o\000v\000e\000r\000y\000\040\000A\000l\000g\000o\000r\000i\000t\000h\000m}{}% 55
\BOOKMARK [1][-]{appendix.I}{\376\377\000G\000u\000a\000r\000d\000\040\000H\000a\000r\000v\000e\000s\000t\000i\000n\000g}{}% 56
